SF:/mnt/c/Users/Yakup/Documents/GitHub/For Final/ce103-final-yakup-eroglu-hasan-basri-taskin-cpp/src/librarysystem/header/librarysystem.h
DA:22,0
DA:23,0
DA:24,0
DA:25,0
DA:21,0
DA:47,0
DA:29,0
DA:30,0
DA:31,0
DA:28,0
DA:42,0
DA:43,0
DA:44,0
DA:41,0
DA:11,0
DA:12,0
DA:13,0
DA:10,0
DA:17,0
DA:18,0
DA:16,0
DA:35,0
DA:36,0
DA:37,0
DA:34,0
DA:6,0
DA:8,0
DA:1,0
end_of_record
SF:/mnt/c/Users/Yakup/Documents/GitHub/For Final/ce103-final-yakup-eroglu-hasan-basri-taskin-cpp/src/librarysystem/src/librarysystem.cpp
DA:6,0
DA:8,0
DA:22,0
DA:27,0
DA:32,0
DA:37,0
DA:1,0
end_of_record
SF:/mnt/c/Users/Yakup/Documents/GitHub/For Final/ce103-final-yakup-eroglu-hasan-basri-taskin-cpp/README.md
DA:1,0
end_of_record
SF:/mnt/c/Users/Yakup/Documents/GitHub/For Final/ce103-final-yakup-eroglu-hasan-basri-taskin-cpp/src/librarysystemapp/header/librarysystemapp.h
DA:1,1
end_of_record
SF:/mnt/c/Users/Yakup/Documents/GitHub/For Final/ce103-final-yakup-eroglu-hasan-basri-taskin-cpp/src/librarysystemapp/src/librarysystemapp.cpp
DA:10,0
DA:1,0
end_of_record
SF:/mnt/c/Users/Yakup/Documents/GitHub/For Final/ce103-final-yakup-eroglu-hasan-basri-taskin-cpp/src/utility/header/commonTypes.h
DA:1,0
end_of_record
SF:/mnt/c/Users/Yakup/Documents/GitHub/For Final/ce103-final-yakup-eroglu-hasan-basri-taskin-cpp/src/utility/header/mathUtility.h
DA:1,0
end_of_record
SF:/mnt/c/Users/Yakup/Documents/GitHub/For Final/ce103-final-yakup-eroglu-hasan-basri-taskin-cpp/src/utility/src/mathUtility.cpp
DA:1,0
end_of_record
