SF:/mnt/c/Users/Yakup/Documents/GitHub/ForFinal/ce103-final-yakup-eroglu-hasan-basri-taskin-cpp/src/librarysystem/header/librarysystem.h
DA:9,0
DA:10,0
DA:11,0
DA:8,0
DA:15,0
DA:16,0
DA:14,0
DA:6,0
DA:3,0
DA:19,0
DA:21,0
DA:23,0
DA:25,0
DA:27,0
DA:29,0
DA:31,0
DA:33,0
DA:35,0
DA:37,0
DA:38,0
DA:39,0
DA:40,0
DA:42,0
DA:43,0
DA:44,0
DA:45,0
DA:46,0
DA:47,0
DA:48,0
DA:50,0
DA:51,0
DA:52,0
DA:53,0
DA:54,0
DA:56,0
DA:57,0
DA:58,0
DA:59,0
DA:61,0
DA:62,0
DA:63,0
DA:64,0
DA:66,0
DA:67,0
DA:68,0
DA:69,0
DA:1,0
end_of_record
SF:/mnt/c/Users/Yakup/Documents/GitHub/ForFinal/ce103-final-yakup-eroglu-hasan-basri-taskin-cpp/README.md
DA:1,0
end_of_record
SF:/mnt/c/Users/Yakup/Documents/GitHub/ForFinal/ce103-final-yakup-eroglu-hasan-basri-taskin-cpp/src/librarysystem/src/librarysystem.cpp
DA:1,0
DA:13,0
DA:21,0
DA:28,0
DA:35,0
DA:41,0
DA:59,0
DA:87,0
DA:126,0
DA:160,0
DA:195,0
DA:229,0
DA:238,0
DA:249,0
DA:261,0
DA:273,0
DA:284,0
DA:295,0
DA:306,0
DA:319,0
DA:341,0
DA:388,0
DA:420,0
DA:440,0
DA:454,0
DA:474,0
DA:490,0
DA:522,0
DA:559,0
DA:594,0
DA:633,0
DA:653,0
DA:667,0
DA:705,0
DA:742,0
DA:765,0
DA:791,0
DA:831,0
DA:861,0
end_of_record
SF:/mnt/c/Users/Yakup/Documents/GitHub/ForFinal/ce103-final-yakup-eroglu-hasan-basri-taskin-cpp/src/librarysystemapp/header/librarysystemapp.h
DA:1,1
end_of_record
SF:/mnt/c/Users/Yakup/Documents/GitHub/ForFinal/ce103-final-yakup-eroglu-hasan-basri-taskin-cpp/src/librarysystemapp/src/librarysystemapp.cpp
DA:10,0
DA:1,0
end_of_record
SF:/mnt/c/Users/Yakup/Documents/GitHub/ForFinal/ce103-final-yakup-eroglu-hasan-basri-taskin-cpp/src/utility/header/commonTypes.h
DA:1,0
end_of_record
SF:/mnt/c/Users/Yakup/Documents/GitHub/ForFinal/ce103-final-yakup-eroglu-hasan-basri-taskin-cpp/src/utility/header/mathUtility.h
DA:1,0
end_of_record
SF:/mnt/c/Users/Yakup/Documents/GitHub/ForFinal/ce103-final-yakup-eroglu-hasan-basri-taskin-cpp/src/utility/src/mathUtility.cpp
DA:1,0
end_of_record
