SF:C:\Users\Yakup\Documents\GitHub\ForFinal\ce103-final-yakup-eroglu-hasan-basri-taskin-cpp\src\tests\librarysystem\librarysystem_test.cpp
DA:8,0
DA:9,0
DA:10,0
DA:15,0
DA:18,0
DA:6,0
DA:23,0
DA:30,0
DA:39,0
DA:48,0
DA:54,0
DA:60,0
DA:71,0
DA:84,0
DA:98,0
DA:112,0
DA:125,0
DA:138,0
DA:151,0
DA:159,0
DA:167,0
DA:175,0
DA:183,0
DA:191,0
DA:199,0
DA:207,0
DA:215,0
DA:223,0
DA:228,0
DA:236,0
DA:244,0
DA:252,0
DA:260,0
DA:268,0
DA:273,0
DA:281,0
DA:289,0
DA:297,0
DA:305,0
DA:313,0
DA:321,0
DA:329,0
DA:338,0
DA:346,0
DA:354,0
DA:362,0
DA:370,0
DA:378,0
DA:386,0
DA:393,0
DA:401,0
DA:409,0
DA:416,0
DA:424,0
DA:432,0
DA:440,0
DA:448,0
DA:456,0
DA:464,0
DA:472,0
DA:477,0
DA:483,0
DA:490,0
DA:497,0
DA:501,0
DA:508,0
DA:515,0
DA:519,0
DA:1,0
end_of_record
SF:C:\Users\Yakup\Documents\GitHub\ForFinal\ce103-final-yakup-eroglu-hasan-basri-taskin-cpp\[generated]
DA:1,0
end_of_record
SF:C:\Users\Yakup\Documents\GitHub\ForFinal\ce103-final-yakup-eroglu-hasan-basri-taskin-cpp\README.md
DA:1,0
end_of_record
SF:C:\Users\Yakup\Documents\GitHub\ForFinal\ce103-final-yakup-eroglu-hasan-basri-taskin-cpp\src\tests\utility\utility_test.cpp
DA:1,0
end_of_record
