<?xml version="1.0" encoding="UTF-8"?>
<testsuite name="(empty)"
	tests="1"
	failures="0"
	disabled="0"
	skipped="0"
	hostname=""
	time="0"
	timestamp="2023-12-20T14:16:17"
	>
	<testcase name="utility_tests" classname="utility_tests" time="0.0136292" status="run">
		<system-out>Running main() from /mnt/c/Users/Yakup/Documents/GitHub/For Final/ce103-final-yakup-eroglu-hasan-basri-taskin-cpp/src/tests/googletest/googletest/src/gtest_main.cc
[==========] Running 0 tests from 0 test suites.
[==========] 0 tests from 0 test suites ran. (0 ms total)
[  PASSED  ] 0 tests.
</system-out>
	</testcase>
</testsuite>
