<!DOCTYPE html>
<html lang="en">
<head>
    <meta charset="UTF-8">
    <title>testResults_linux.xml</title>
    <style type="text/css">
        body {
    background-color: white;
    padding-bottom: 20em;
    margin: 0;
    min-height: 15cm;
}

h1, h2, h3, h4, h5, h6, h7 {
    font-family: sans-serif;
}

h1 {
    background-color: #007acc;
    color: white;
    padding: 3mm;
    margin-top: 0;
    margin-bottom: 1mm;
}

.footer {
    font-style: italic;
    font-size: small;
    text-align: right;
    padding: 1em;
}

.testsuite {
    padding-bottom: 2em;
    margin-left: 1em;
}

.proplist {
    width: 100%;
    margin-bottom: 2em;
    border-collapse: collapse;
    border: 1px solid grey;
}

.proplist th {
    background-color: silver;
    width: 5em;
    padding: 2px;
    padding-right: 1em;
    text-align: left;
}

.proplist td {
    padding: 2px;
}

.index-table {
    width: 90%;
    margin-left: 1em;
}

.index-table td {
    vertical-align: top;
    width: 50%;
}

.failure-index {

}

.toc {
    margin-bottom: 2em;
    font-family: monospace;
}

.stdio, pre {
    min-height: 1em;
    background-color: #1e1e1e;
    color: silver;
    padding: 0.5em;
}
.tdpre {
    background-color: #1e1e1e;
}

.test {
    margin-left: 0.5cm;
}

.outcome {
    border-left: 1em;
    padding: 2px;
}

.outcome-failed {
    border-left: 1em solid lightcoral;
}

.outcome-passed {
    border-left: 1em solid lightgreen;
}

.outcome-skipped {
    border-left: 1em solid lightyellow;
}

.stats-table {
}

.stats-table td {
    min-width: 4em;
    text-align: right;
}

.stats-table .failed {
    background-color: lightcoral;
}

.stats-table .passed {
    background-color: lightgreen;
}

.matrix-table {
    table-layout: fixed;
    border-spacing: 0;
    width: available;
    margin-left: 1em;
}

.matrix-table td {
    vertical-align: center;
}

.matrix-table td:last-child {
    width: 0;
}

.matrix-table tr:hover {
    background-color: yellow;
}

.matrix-axis-name {
    white-space: nowrap;
    padding-right: 0.5em;
    border-left: 1px solid black;
    border-top: 1px solid black;
    text-align: right;
}

.matrix-axis-line {
    border-left: 1px solid black;
    width: 0.5em;
}

.matrix-classname {
    text-align: left;
    width: 100%;
    border-top: 2px solid grey;
    border-bottom: 1px solid silver;
}

.matrix-casename {
    text-align: left;
    font-weight: normal;
    font-style: italic;
    padding-left: 1em;
    border-bottom: 1px solid silver;
}

.matrix-result {
    display: block;
    width: 1em;
    text-align: center;
    padding: 1mm;
    margin: 0;
}

.matrix-result-combined {
    white-space: nowrap;
    padding-right: 0.2em;
    text-align: right;
}

.matrix-result-failed {
    background-color: lightcoral;
}

.matrix-result-passed {
    background-color: lightgreen;
}

.matrix-result-skipped {
    background-color: lightyellow;
}

.matrix-even {
    background-color: lightgray;
}
    </style>
</head>
<body>
    
<h1>
    Test Report : testResults_linux.xml
</h1>
<a id="toc"></a>
<table class="index-table">
    <tr>
        <td>
            <ul class="toc">
            
                
                <li>utility_tests
                <ul>
                    
                    <li><a href="#2de30385-8b1e-4210-b6aa-ef67319e9647">utility_tests</a></li>
                    
                </ul>
                </li>
                
                <li>LibrarysystemTest.EnterToContinue_Success
                <ul>
                    
                    <li><a href="#f151d4e3-9bb7-49c3-bbcb-9460bae0f4be">LibrarysystemTest.EnterToContinue_Success</a></li>
                    
                </ul>
                </li>
                
                <li>LibrarysystemTest.RegisterUserTest
                <ul>
                    
                    <li><a href="#a45a17b2-0104-422e-8085-2e031dd79351">LibrarysystemTest.RegisterUserTest</a></li>
                    
                </ul>
                </li>
                
                <li>LibrarysystemTest.OutputsErrorMessageAndReturnsFalse
                <ul>
                    
                    <li><a href="#923321b7-3ac5-4d8e-83a6-cbebaf17bd97">LibrarysystemTest.OutputsErrorMessageAndReturnsFalse</a></li>
                    
                </ul>
                </li>
                
                <li>LibrarysystemTest.GetInputTrueTest
                <ul>
                    
                    <li><a href="#4f9db94b-e6a5-47cb-812b-6b9d6944b42b">LibrarysystemTest.GetInputTrueTest</a></li>
                    
                </ul>
                </li>
                
                <li>LibrarysystemTest.GetInputFalseTest
                <ul>
                    
                    <li><a href="#94f4adfb-caf7-4cdb-9494-12b479108db4">LibrarysystemTest.GetInputFalseTest</a></li>
                    
                </ul>
                </li>
                
                <li>LibrarysystemTest.PrintGuestMenuOutputsCorrectly
                <ul>
                    
                    <li><a href="#20f29f9d-9029-44c7-9bdc-9cc1244d29f8">LibrarysystemTest.PrintGuestMenuOutputsCorrectly</a></li>
                    
                </ul>
                </li>
                
                <li>LibrarysystemTest.PrintMainMenuOutputsCorrectly
                <ul>
                    
                    <li><a href="#713c8667-a55e-4a5d-8421-9c3530c9fa0c">LibrarysystemTest.PrintMainMenuOutputsCorrectly</a></li>
                    
                </ul>
                </li>
                
                <li>LibrarysystemTest.PrintUserMenuOutputsCorrectly
                <ul>
                    
                    <li><a href="#a55e934d-5136-4f23-b5dc-a036c0f63d8c">LibrarysystemTest.PrintUserMenuOutputsCorrectly</a></li>
                    
                </ul>
                </li>
                
                <li>LibrarysystemTest.PrintBookCatalogingMenuOutputsCorrectly
                <ul>
                    
                    <li><a href="#61d6252f-9085-470e-9556-8eb2cc1f912c">LibrarysystemTest.PrintBookCatalogingMenuOutputsCorrectly</a></li>
                    
                </ul>
                </li>
                
                <li>LibrarysystemTest.PrintLoanManagementMenuOutputsCorrectly
                <ul>
                    
                    <li><a href="#406dd22c-4297-4f18-b799-4c86aef0f7d4">LibrarysystemTest.PrintLoanManagementMenuOutputsCorrectly</a></li>
                    
                </ul>
                </li>
                
                <li>LibrarysystemTest.PrintWishListMenuOutputsCorrectly
                <ul>
                    
                    <li><a href="#37b66f18-c94d-414b-96ab-f243e54735da">LibrarysystemTest.PrintWishListMenuOutputsCorrectly</a></li>
                    
                </ul>
                </li>
                
                <li>LibrarysystemTest.PrintReadingTrackerMenuOutputsCorrectly
                <ul>
                    
                    <li><a href="#9ec759f8-87e9-4a2d-8552-95916afce76c">LibrarysystemTest.PrintReadingTrackerMenuOutputsCorrectly</a></li>
                    
                </ul>
                </li>
                
                <li>LibrarysystemTest.BookCatalogingMenu_AddBook
                <ul>
                    
                    <li><a href="#8a6ae4ad-326c-4363-863a-14bd96e0aa88">LibrarysystemTest.BookCatalogingMenu_AddBook</a></li>
                    
                </ul>
                </li>
                
                <li>LibrarysystemTest.BookCatalogingMenu_DeleteBook
                <ul>
                    
                    <li><a href="#6eb9719d-1658-4c20-8068-bc5fc58fff87">LibrarysystemTest.BookCatalogingMenu_DeleteBook</a></li>
                    
                </ul>
                </li>
                
                <li>LibrarysystemTest.BookCatalogingMenu_DeleteBookfounfalse
                <ul>
                    
                    <li><a href="#9cd28f91-9c5f-49a5-bc65-bfc983da7716">LibrarysystemTest.BookCatalogingMenu_DeleteBookfounfalse</a></li>
                    
                </ul>
                </li>
                
                <li>LibrarysystemTest.BookCatalogingMenu_DeleteBookfoundtrue
                <ul>
                    
                    <li><a href="#870bcbde-5e97-4277-95c1-cdeb039e7ff9">LibrarysystemTest.BookCatalogingMenu_DeleteBookfoundtrue</a></li>
                    
                </ul>
                </li>
                
                <li>LibrarysystemTest.BookCatalogingMenu_DeleteBookSucces
                <ul>
                    
                    <li><a href="#4d716ae9-d0a4-43d3-adb7-8385236b374b">LibrarysystemTest.BookCatalogingMenu_DeleteBookSucces</a></li>
                    
                </ul>
                </li>
                
                <li>LibrarysystemTest.BookCatalogingMenu_UpdateBook
                <ul>
                    
                    <li><a href="#50cf71a5-2849-4ab7-85ba-b1ad229006dd">LibrarysystemTest.BookCatalogingMenu_UpdateBook</a></li>
                    
                </ul>
                </li>
                
                <li>LibrarysystemTest.BookCatalogingMenu_ViewCatalog
                <ul>
                    
                    <li><a href="#693578f8-b4b2-4ea0-8282-3d3e82b90c23">LibrarysystemTest.BookCatalogingMenu_ViewCatalog</a></li>
                    
                </ul>
                </li>
                
                <li>LibrarysystemTest.BookCatalogingMenu_InvalidOption
                <ul>
                    
                    <li><a href="#12489389-b760-447e-bc65-7d9767f55c5f">LibrarysystemTest.BookCatalogingMenu_InvalidOption</a></li>
                    
                </ul>
                </li>
                
                <li>LibrarysystemTest.BookCatalogingMenu_Infail
                <ul>
                    
                    <li><a href="#26f4fdae-a970-43e9-871a-af0679439d84">LibrarysystemTest.BookCatalogingMenu_Infail</a></li>
                    
                </ul>
                </li>
                
                <li>LibrarysystemTest.BookCatalogingMenu_ExitMenu
                <ul>
                    
                    <li><a href="#f841441d-0b89-450b-ba87-f66c7c62a134">LibrarysystemTest.BookCatalogingMenu_ExitMenu</a></li>
                    
                </ul>
                </li>
                
                <li>LibrarysystemTest.LoanManagementMenu_LendBook
                <ul>
                    
                    <li><a href="#0a04fd8c-5989-4403-82da-0bf193e110cc">LibrarysystemTest.LoanManagementMenu_LendBook</a></li>
                    
                </ul>
                </li>
                
                <li>LibrarysystemTest.LoanManagementMenu_ViewLoans
                <ul>
                    
                    <li><a href="#1041f487-9e70-4b4d-9ff0-7ba7973328df">LibrarysystemTest.LoanManagementMenu_ViewLoans</a></li>
                    
                </ul>
                </li>
                
                <li>LibrarysystemTest.LoanManagementMenu_BorrowBook
                <ul>
                    
                    <li><a href="#1f6e92aa-2742-4ff1-be39-8e08d15380da">LibrarysystemTest.LoanManagementMenu_BorrowBook</a></li>
                    
                </ul>
                </li>
                
                <li>LibrarysystemTest.LoanManagementMenu_default
                <ul>
                    
                    <li><a href="#0cb0d7ae-efae-4272-a26d-4d585c9e8a74">LibrarysystemTest.LoanManagementMenu_default</a></li>
                    
                </ul>
                </li>
                
                <li>LibrarysystemTest.LoanManagementMenu_Infail
                <ul>
                    
                    <li><a href="#cb66d913-4d29-4671-91ba-484b60447cc4">LibrarysystemTest.LoanManagementMenu_Infail</a></li>
                    
                </ul>
                </li>
                
                <li>LibrarysystemTest.LoanManagementMenu_ExitMenu
                <ul>
                    
                    <li><a href="#c27d0434-ea17-4797-acf0-4efa47e5edc4">LibrarysystemTest.LoanManagementMenu_ExitMenu</a></li>
                    
                </ul>
                </li>
                
                <li>LibrarysystemTest.wishListMenu_listWishlist
                <ul>
                    
                    <li><a href="#e62342c0-644c-4cab-b1d3-521603980799">LibrarysystemTest.wishListMenu_listWishlist</a></li>
                    
                </ul>
                </li>
                
                <li>LibrarysystemTest.wishListMenu_addToWishlist
                <ul>
                    
                    <li><a href="#24d83408-fabe-45ba-b098-6bf6dabb8ff5">LibrarysystemTest.wishListMenu_addToWishlist</a></li>
                    
                </ul>
                </li>
                
                <li>LibrarysystemTest.wishListMenu_RemoveFromWishlist
                <ul>
                    
                    <li><a href="#8278a226-fbfe-4803-99f4-58cf722fa308">LibrarysystemTest.wishListMenu_RemoveFromWishlist</a></li>
                    
                </ul>
                </li>
                
                <li>LibrarysystemTest.wishListMenu_RemoveFromWishlistfoundtrue
                <ul>
                    
                    <li><a href="#443e3204-1412-4486-ad93-7df2ffdb0110">LibrarysystemTest.wishListMenu_RemoveFromWishlistfoundtrue</a></li>
                    
                </ul>
                </li>
                
                <li>LibrarysystemTest.wishListMenu_InvalidInput
                <ul>
                    
                    <li><a href="#7b80a931-e559-4219-965b-661105bd510d">LibrarysystemTest.wishListMenu_InvalidInput</a></li>
                    
                </ul>
                </li>
                
                <li>LibrarysystemTest.wishListMenu_Infail
                <ul>
                    
                    <li><a href="#807997bd-9108-4b16-8316-7edd5027f30e">LibrarysystemTest.wishListMenu_Infail</a></li>
                    
                </ul>
                </li>
                
                <li>LibrarysystemTest.readingTrackerMenu_logProgress
                <ul>
                    
                    <li><a href="#33c2f1aa-2c81-4a33-b649-6851314e3085">LibrarysystemTest.readingTrackerMenu_logProgress</a></li>
                    
                </ul>
                </li>
                
                <li>LibrarysystemTest.readingTrackerMenu_MarkAsRead
                <ul>
                    
                    <li><a href="#9deede7b-74af-4b54-91ef-4ad4a537926b">LibrarysystemTest.readingTrackerMenu_MarkAsRead</a></li>
                    
                </ul>
                </li>
                
                <li>LibrarysystemTest.readingTrackerMenu_ViewHistory
                <ul>
                    
                    <li><a href="#f745e6f8-b2ba-45ae-9581-cdcc3ef81045">LibrarysystemTest.readingTrackerMenu_ViewHistory</a></li>
                    
                </ul>
                </li>
                
                <li>LibrarysystemTest.readingTrackerMenu_Infail
                <ul>
                    
                    <li><a href="#944ad009-9cd7-4411-8dce-76affb950f7f">LibrarysystemTest.readingTrackerMenu_Infail</a></li>
                    
                </ul>
                </li>
                
                <li>LibrarysystemTest.MainMenu_RegisterUser
                <ul>
                    
                    <li><a href="#2c46e15c-7051-425c-b23e-4724d12dfa04">LibrarysystemTest.MainMenu_RegisterUser</a></li>
                    
                </ul>
                </li>
                
                <li>LibrarysystemTest.MainMenu_LoginUser
                <ul>
                    
                    <li><a href="#02f4bc8e-25b2-49d4-bc78-d6584e972218">LibrarysystemTest.MainMenu_LoginUser</a></li>
                    
                </ul>
                </li>
                
                <li>LibrarysystemTest.MainMenu_LoginUserFail
                <ul>
                    
                    <li><a href="#08829228-c1cb-4f0c-99bf-fe2b7e381d48">LibrarysystemTest.MainMenu_LoginUserFail</a></li>
                    
                </ul>
                </li>
                
                <li>LibrarysystemTest.MainMenu_GuestOperation
                <ul>
                    
                    <li><a href="#9273843a-38ae-4dce-a155-ef1f6baf5616">LibrarysystemTest.MainMenu_GuestOperation</a></li>
                    
                </ul>
                </li>
                
                <li>LibrarysystemTest.MainMenu_ExitProgram
                <ul>
                    
                    <li><a href="#2a4b2a73-02eb-4c5d-8ac6-a1d460432b82">LibrarysystemTest.MainMenu_ExitProgram</a></li>
                    
                </ul>
                </li>
                
                <li>LibrarysystemTest.MainMenu_InvalidChoice
                <ul>
                    
                    <li><a href="#56c3d70e-97e0-4677-b555-d0498f6d7b54">LibrarysystemTest.MainMenu_InvalidChoice</a></li>
                    
                </ul>
                </li>
                
                <li>LibrarysystemTest.MainMenu_Infail
                <ul>
                    
                    <li><a href="#b7ee3ad6-7265-4d4f-9a0e-d7feb8a948fc">LibrarysystemTest.MainMenu_Infail</a></li>
                    
                </ul>
                </li>
                
                <li>LibrarysystemTest.GuestOperation_ReturnToMainMenu
                <ul>
                    
                    <li><a href="#3339da5a-4d07-4f2e-865d-7f99a1a1f035">LibrarysystemTest.GuestOperation_ReturnToMainMenu</a></li>
                    
                </ul>
                </li>
                
                <li>LibrarysystemTest.GuestOperation_InvalidChoice
                <ul>
                    
                    <li><a href="#b3aaa1de-4add-4151-9cc6-906709bcc605">LibrarysystemTest.GuestOperation_InvalidChoice</a></li>
                    
                </ul>
                </li>
                
                <li>LibrarysystemTest.GuestOperation_Infail
                <ul>
                    
                    <li><a href="#29baf126-0b30-4a8a-a345-4159c483542a">LibrarysystemTest.GuestOperation_Infail</a></li>
                    
                </ul>
                </li>
                
                <li>LibrarysystemTest.UserOperations_BookCatalogingMenu
                <ul>
                    
                    <li><a href="#ac174aea-73f5-4bcb-996f-b347407c52d8">LibrarysystemTest.UserOperations_BookCatalogingMenu</a></li>
                    
                </ul>
                </li>
                
                <li>LibrarysystemTest.UserOperations_LoanManagementMenu
                <ul>
                    
                    <li><a href="#21f6e924-6a9e-40b2-868d-242e30de4ab0">LibrarysystemTest.UserOperations_LoanManagementMenu</a></li>
                    
                </ul>
                </li>
                
                <li>LibrarysystemTest.UserOperations_WishListMenu
                <ul>
                    
                    <li><a href="#7f40a65b-d8e2-48c8-8261-c329b586d37d">LibrarysystemTest.UserOperations_WishListMenu</a></li>
                    
                </ul>
                </li>
                
                <li>LibrarysystemTest.UserOperations_ReadingTrackerMenu
                <ul>
                    
                    <li><a href="#8e05a257-aef4-4f31-8035-1a82fa6ebf35">LibrarysystemTest.UserOperations_ReadingTrackerMenu</a></li>
                    
                </ul>
                </li>
                
                <li>LibrarysystemTest.UserOperations_Infail
                <ul>
                    
                    <li><a href="#99a99a3e-6773-428c-8f52-3d83c6d912c9">LibrarysystemTest.UserOperations_Infail</a></li>
                    
                </ul>
                </li>
                
                <li>LibrarysystemTest.UserOperations_ReturnToMainMenu
                <ul>
                    
                    <li><a href="#53478c9f-dfc1-4bc7-bdac-2cbc250dadff">LibrarysystemTest.UserOperations_ReturnToMainMenu</a></li>
                    
                </ul>
                </li>
                
                <li>LibrarysystemTest.ViewLoansForFunc_Successful
                <ul>
                    
                    <li><a href="#df9ca350-103c-45d5-a0e4-06ca7cc1f820">LibrarysystemTest.ViewLoansForFunc_Successful</a></li>
                    
                </ul>
                </li>
                
                <li>LibrarysystemTest.RemoveFromWishList_NotSuccessful
                <ul>
                    
                    <li><a href="#05f1065c-cdf4-436d-9d8a-76994fa69c5c">LibrarysystemTest.RemoveFromWishList_NotSuccessful</a></li>
                    
                </ul>
                </li>
                
                <li>LibrarysystemTest.RemoveFromWishList_BookNotFound
                <ul>
                    
                    <li><a href="#1fa00937-7018-4e47-b33e-6f209a0c8f3b">LibrarysystemTest.RemoveFromWishList_BookNotFound</a></li>
                    
                </ul>
                </li>
                
                <li>LibrarysystemTest.RemoveFromWishList_FileError
                <ul>
                    
                    <li><a href="#d89d746f-dbe7-4958-97a7-8adee22eb9a8">LibrarysystemTest.RemoveFromWishList_FileError</a></li>
                    
                </ul>
                </li>
                
                <li>LibrarysystemTest.AddToWishList_NotSuccessful
                <ul>
                    
                    <li><a href="#38e30079-d01a-44fb-9e56-165a4af893a2">LibrarysystemTest.AddToWishList_NotSuccessful</a></li>
                    
                </ul>
                </li>
                
                <li>LibrarysystemTest.AddToWishList_BookNotFound
                <ul>
                    
                    <li><a href="#e012e7fc-262f-43c2-971c-c80eaa3211d2">LibrarysystemTest.AddToWishList_BookNotFound</a></li>
                    
                </ul>
                </li>
                
                <li>LibrarysystemTest.AddToWishList_FileError
                <ul>
                    
                    <li><a href="#a259982a-c673-4d44-a478-011c0ccbaecd">LibrarysystemTest.AddToWishList_FileError</a></li>
                    
                </ul>
                </li>
                
            
            </ul>
        </td>
        <td class="failure-index">
            <ul class="toc">
            
                
                    
                    
                    
                
                    
                    
                    
                
                    
                    
                    
                
                    
                    
                    
                
                    
                    
                    
                
                    
                    
                    
                
                    
                    
                    
                
                    
                    
                    
                
                    
                    
                    
                
                    
                    
                    
                
                    
                    
                    
                
                    
                    
                    
                
                    
                    
                    
                
                    
                    
                    
                
                    
                    
                    <li><a href="#6eb9719d-1658-4c20-8068-bc5fc58fff87">[F] LibrarysystemTest.BookCatalogingMenu_DeleteBook : LibrarysystemTest.BookCatalogingMenu_DeleteBook</a></li>
                    
                    
                
                    
                    
                    <li><a href="#9cd28f91-9c5f-49a5-bc65-bfc983da7716">[F] LibrarysystemTest.BookCatalogingMenu_DeleteBookfounfalse : LibrarysystemTest.BookCatalogingMenu_DeleteBookfounfalse</a></li>
                    
                    
                
                    
                    
                    <li><a href="#870bcbde-5e97-4277-95c1-cdeb039e7ff9">[F] LibrarysystemTest.BookCatalogingMenu_DeleteBookfoundtrue : LibrarysystemTest.BookCatalogingMenu_DeleteBookfoundtrue</a></li>
                    
                    
                
                    
                    
                    <li><a href="#4d716ae9-d0a4-43d3-adb7-8385236b374b">[F] LibrarysystemTest.BookCatalogingMenu_DeleteBookSucces : LibrarysystemTest.BookCatalogingMenu_DeleteBookSucces</a></li>
                    
                    
                
                    
                    
                    <li><a href="#50cf71a5-2849-4ab7-85ba-b1ad229006dd">[F] LibrarysystemTest.BookCatalogingMenu_UpdateBook : LibrarysystemTest.BookCatalogingMenu_UpdateBook</a></li>
                    
                    
                
                    
                    
                    <li><a href="#693578f8-b4b2-4ea0-8282-3d3e82b90c23">[F] LibrarysystemTest.BookCatalogingMenu_ViewCatalog : LibrarysystemTest.BookCatalogingMenu_ViewCatalog</a></li>
                    
                    
                
                    
                    
                    
                
                    
                    
                    
                
                    
                    
                    
                
                    
                    
                    <li><a href="#0a04fd8c-5989-4403-82da-0bf193e110cc">[F] LibrarysystemTest.LoanManagementMenu_LendBook : LibrarysystemTest.LoanManagementMenu_LendBook</a></li>
                    
                    
                
                    
                    
                    <li><a href="#1041f487-9e70-4b4d-9ff0-7ba7973328df">[F] LibrarysystemTest.LoanManagementMenu_ViewLoans : LibrarysystemTest.LoanManagementMenu_ViewLoans</a></li>
                    
                    
                
                    
                    
                    <li><a href="#1f6e92aa-2742-4ff1-be39-8e08d15380da">[F] LibrarysystemTest.LoanManagementMenu_BorrowBook : LibrarysystemTest.LoanManagementMenu_BorrowBook</a></li>
                    
                    
                
                    
                    
                    
                
                    
                    
                    
                
                    
                    
                    
                
                    
                    
                    <li><a href="#e62342c0-644c-4cab-b1d3-521603980799">[F] LibrarysystemTest.wishListMenu_listWishlist : LibrarysystemTest.wishListMenu_listWishlist</a></li>
                    
                    
                
                    
                    
                    <li><a href="#24d83408-fabe-45ba-b098-6bf6dabb8ff5">[F] LibrarysystemTest.wishListMenu_addToWishlist : LibrarysystemTest.wishListMenu_addToWishlist</a></li>
                    
                    
                
                    
                    
                    <li><a href="#8278a226-fbfe-4803-99f4-58cf722fa308">[F] LibrarysystemTest.wishListMenu_RemoveFromWishlist : LibrarysystemTest.wishListMenu_RemoveFromWishlist</a></li>
                    
                    
                
                    
                    
                    <li><a href="#443e3204-1412-4486-ad93-7df2ffdb0110">[F] LibrarysystemTest.wishListMenu_RemoveFromWishlistfoundtrue : LibrarysystemTest.wishListMenu_RemoveFromWishlistfoundtrue</a></li>
                    
                    
                
                    
                    
                    
                
                    
                    
                    
                
                    
                    
                    <li><a href="#33c2f1aa-2c81-4a33-b649-6851314e3085">[F] LibrarysystemTest.readingTrackerMenu_logProgress : LibrarysystemTest.readingTrackerMenu_logProgress</a></li>
                    
                    
                
                    
                    
                    
                
                    
                    
                    
                
                    
                    
                    
                
                    
                    
                    
                
                    
                    
                    
                
                    
                    
                    
                
                    
                    
                    
                
                    
                    
                    
                
                    
                    
                    
                
                    
                    
                    
                
                    
                    
                    
                
                    
                    
                    
                
                    
                    
                    
                
                    
                    
                    
                
                    
                    
                    
                
                    
                    
                    
                
                    
                    
                    
                
                    
                    
                    
                
                    
                    
                    
                
                    
                    
                    <li><a href="#df9ca350-103c-45d5-a0e4-06ca7cc1f820">[F] LibrarysystemTest.ViewLoansForFunc_Successful : LibrarysystemTest.ViewLoansForFunc_Successful</a></li>
                    
                    
                
                    
                    
                    <li><a href="#05f1065c-cdf4-436d-9d8a-76994fa69c5c">[F] LibrarysystemTest.RemoveFromWishList_NotSuccessful : LibrarysystemTest.RemoveFromWishList_NotSuccessful</a></li>
                    
                    
                
                    
                    
                    <li><a href="#1fa00937-7018-4e47-b33e-6f209a0c8f3b">[F] LibrarysystemTest.RemoveFromWishList_BookNotFound : LibrarysystemTest.RemoveFromWishList_BookNotFound</a></li>
                    
                    
                
                    
                    
                    
                
                    
                    
                    
                
                    
                    
                    <li><a href="#e012e7fc-262f-43c2-971c-c80eaa3211d2">[F] LibrarysystemTest.AddToWishList_BookNotFound : LibrarysystemTest.AddToWishList_BookNotFound</a></li>
                    
                    
                
                    
                    
                    
                
            
            </ul>
        </td>
    </tr>
</table>


    <div class="testsuite">
        <h2>Test Suite: (empty)</h2>
        <a id="2c53ea1f-2e4f-4ead-86a3-6cc09072ff7f"></a>
        
        
        <h3>Results</h3>
        <table class="proplist">
            <tr>
                <th>Duration</th><td>1.0 sec</td>
            </tr>
            <tr>
                <th>Tests</th><td>62</td>
            </tr>
            <tr>
                <th>Failures</th><td>18</td>
            </tr>
        </table>

        <div class="testclasses">
            <h3>Tests</h3>
            
            <div class="testclass">
                <h4>utility_tests</h4>
                <div class="testcases">
                
                    <div class="test outcome outcome-passed">
                        <a id="2de30385-8b1e-4210-b6aa-ef67319e9647"></a>
                        <table class="proplist">
                            <tr><th>Test case:</th><td><b>utility_tests</b></td></tr>
                            <tr><th>Outcome:</th><td>Passed</td></tr>
                            <tr><th>Duration:</th><td>0.036 sec</td></tr>
                        
                            <tr><th>Failed</th><td>None</td></tr>
                        
                        
                        </table>

                        
                        <pre>None</pre>
                        
                        

                        
                        
                        <div class="stdout"><i>Stdout</i><br>
                            <pre>Running main() from /mnt/c/Users/Yakup/Documents/GitHub/ForFinal/ce103-final-yakup-eroglu-hasan-basri-taskin-cpp/src/tests/googletest/googletest/src/gtest_main.cc
[==========] Running 0 tests from 0 test suites.
[==========] 0 tests from 0 test suites ran. (0 ms total)
[  PASSED  ] 0 tests.
</pre>
                        </div>
                        
                        
                    </div>
                
                </div>
            </div>
            
            <div class="testclass">
                <h4>LibrarysystemTest.EnterToContinue_Success</h4>
                <div class="testcases">
                
                    <div class="test outcome outcome-passed">
                        <a id="f151d4e3-9bb7-49c3-bbcb-9460bae0f4be"></a>
                        <table class="proplist">
                            <tr><th>Test case:</th><td><b>LibrarysystemTest.EnterToContinue_Success</b></td></tr>
                            <tr><th>Outcome:</th><td>Passed</td></tr>
                            <tr><th>Duration:</th><td>0.038 sec</td></tr>
                        
                            <tr><th>Failed</th><td>None</td></tr>
                        
                        
                        </table>

                        
                        <pre>None</pre>
                        
                        

                        
                        
                        <div class="stdout"><i>Stdout</i><br>
                            <pre>Note: Google Test filter = LibrarysystemTest.EnterToContinue_Success
[==========] Running 1 test from 1 test suite.
[----------] Global test environment set-up.
[----------] 1 test from LibrarysystemTest
[ RUN      ] LibrarysystemTest.EnterToContinue_Success
[       OK ] LibrarysystemTest.EnterToContinue_Success (0 ms)
[----------] 1 test from LibrarysystemTest (0 ms total)

[----------] Global test environment tear-down
[==========] 1 test from 1 test suite ran. (0 ms total)
[  PASSED  ] 1 test.
</pre>
                        </div>
                        
                        
                    </div>
                
                </div>
            </div>
            
            <div class="testclass">
                <h4>LibrarysystemTest.RegisterUserTest</h4>
                <div class="testcases">
                
                    <div class="test outcome outcome-passed">
                        <a id="a45a17b2-0104-422e-8085-2e031dd79351"></a>
                        <table class="proplist">
                            <tr><th>Test case:</th><td><b>LibrarysystemTest.RegisterUserTest</b></td></tr>
                            <tr><th>Outcome:</th><td>Passed</td></tr>
                            <tr><th>Duration:</th><td>0.04 sec</td></tr>
                        
                            <tr><th>Failed</th><td>None</td></tr>
                        
                        
                        </table>

                        
                        <pre>None</pre>
                        
                        

                        
                        
                        <div class="stdout"><i>Stdout</i><br>
                            <pre>Note: Google Test filter = LibrarysystemTest.RegisterUserTest
[==========] Running 1 test from 1 test suite.
[----------] Global test environment set-up.
[----------] 1 test from LibrarysystemTest
[ RUN      ] LibrarysystemTest.RegisterUserTest
[       OK ] LibrarysystemTest.RegisterUserTest (0 ms)
[----------] 1 test from LibrarysystemTest (0 ms total)

[----------] Global test environment tear-down
[==========] 1 test from 1 test suite ran. (0 ms total)
[  PASSED  ] 1 test.
</pre>
                        </div>
                        
                        
                    </div>
                
                </div>
            </div>
            
            <div class="testclass">
                <h4>LibrarysystemTest.OutputsErrorMessageAndReturnsFalse</h4>
                <div class="testcases">
                
                    <div class="test outcome outcome-passed">
                        <a id="923321b7-3ac5-4d8e-83a6-cbebaf17bd97"></a>
                        <table class="proplist">
                            <tr><th>Test case:</th><td><b>LibrarysystemTest.OutputsErrorMessageAndReturnsFalse</b></td></tr>
                            <tr><th>Outcome:</th><td>Passed</td></tr>
                            <tr><th>Duration:</th><td>0.042 sec</td></tr>
                        
                            <tr><th>Failed</th><td>None</td></tr>
                        
                        
                        </table>

                        
                        <pre>None</pre>
                        
                        

                        
                        
                        <div class="stdout"><i>Stdout</i><br>
                            <pre>Note: Google Test filter = LibrarysystemTest.OutputsErrorMessageAndReturnsFalse
[==========] Running 1 test from 1 test suite.
[----------] Global test environment set-up.
[----------] 1 test from LibrarysystemTest
[ RUN      ] LibrarysystemTest.OutputsErrorMessageAndReturnsFalse
[       OK ] LibrarysystemTest.OutputsErrorMessageAndReturnsFalse (0 ms)
[----------] 1 test from LibrarysystemTest (0 ms total)

[----------] Global test environment tear-down
[==========] 1 test from 1 test suite ran. (0 ms total)
[  PASSED  ] 1 test.
</pre>
                        </div>
                        
                        
                    </div>
                
                </div>
            </div>
            
            <div class="testclass">
                <h4>LibrarysystemTest.GetInputTrueTest</h4>
                <div class="testcases">
                
                    <div class="test outcome outcome-passed">
                        <a id="4f9db94b-e6a5-47cb-812b-6b9d6944b42b"></a>
                        <table class="proplist">
                            <tr><th>Test case:</th><td><b>LibrarysystemTest.GetInputTrueTest</b></td></tr>
                            <tr><th>Outcome:</th><td>Passed</td></tr>
                            <tr><th>Duration:</th><td>0.04 sec</td></tr>
                        
                            <tr><th>Failed</th><td>None</td></tr>
                        
                        
                        </table>

                        
                        <pre>None</pre>
                        
                        

                        
                        
                        <div class="stdout"><i>Stdout</i><br>
                            <pre>Note: Google Test filter = LibrarysystemTest.GetInputTrueTest
[==========] Running 1 test from 1 test suite.
[----------] Global test environment set-up.
[----------] 1 test from LibrarysystemTest
[ RUN      ] LibrarysystemTest.GetInputTrueTest
[       OK ] LibrarysystemTest.GetInputTrueTest (0 ms)
[----------] 1 test from LibrarysystemTest (0 ms total)

[----------] Global test environment tear-down
[==========] 1 test from 1 test suite ran. (0 ms total)
[  PASSED  ] 1 test.
</pre>
                        </div>
                        
                        
                    </div>
                
                </div>
            </div>
            
            <div class="testclass">
                <h4>LibrarysystemTest.GetInputFalseTest</h4>
                <div class="testcases">
                
                    <div class="test outcome outcome-passed">
                        <a id="94f4adfb-caf7-4cdb-9494-12b479108db4"></a>
                        <table class="proplist">
                            <tr><th>Test case:</th><td><b>LibrarysystemTest.GetInputFalseTest</b></td></tr>
                            <tr><th>Outcome:</th><td>Passed</td></tr>
                            <tr><th>Duration:</th><td>0.04 sec</td></tr>
                        
                            <tr><th>Failed</th><td>None</td></tr>
                        
                        
                        </table>

                        
                        <pre>None</pre>
                        
                        

                        
                        
                        <div class="stdout"><i>Stdout</i><br>
                            <pre>Note: Google Test filter = LibrarysystemTest.GetInputFalseTest
[==========] Running 1 test from 1 test suite.
[----------] Global test environment set-up.
[----------] 1 test from LibrarysystemTest
[ RUN      ] LibrarysystemTest.GetInputFalseTest
[       OK ] LibrarysystemTest.GetInputFalseTest (0 ms)
[----------] 1 test from LibrarysystemTest (0 ms total)

[----------] Global test environment tear-down
[==========] 1 test from 1 test suite ran. (0 ms total)
[  PASSED  ] 1 test.
</pre>
                        </div>
                        
                        
                    </div>
                
                </div>
            </div>
            
            <div class="testclass">
                <h4>LibrarysystemTest.PrintGuestMenuOutputsCorrectly</h4>
                <div class="testcases">
                
                    <div class="test outcome outcome-passed">
                        <a id="20f29f9d-9029-44c7-9bdc-9cc1244d29f8"></a>
                        <table class="proplist">
                            <tr><th>Test case:</th><td><b>LibrarysystemTest.PrintGuestMenuOutputsCorrectly</b></td></tr>
                            <tr><th>Outcome:</th><td>Passed</td></tr>
                            <tr><th>Duration:</th><td>0.041 sec</td></tr>
                        
                            <tr><th>Failed</th><td>None</td></tr>
                        
                        
                        </table>

                        
                        <pre>None</pre>
                        
                        

                        
                        
                        <div class="stdout"><i>Stdout</i><br>
                            <pre>Note: Google Test filter = LibrarysystemTest.PrintGuestMenuOutputsCorrectly
[==========] Running 1 test from 1 test suite.
[----------] Global test environment set-up.
[----------] 1 test from LibrarysystemTest
[ RUN      ] LibrarysystemTest.PrintGuestMenuOutputsCorrectly
[NON-XML-CHAR-0x1B][H[NON-XML-CHAR-0x1B][2J[NON-XML-CHAR-0x1B][3J[       OK ] LibrarysystemTest.PrintGuestMenuOutputsCorrectly (12 ms)
[----------] 1 test from LibrarysystemTest (12 ms total)

[----------] Global test environment tear-down
[==========] 1 test from 1 test suite ran. (12 ms total)
[  PASSED  ] 1 test.
</pre>
                        </div>
                        
                        
                    </div>
                
                </div>
            </div>
            
            <div class="testclass">
                <h4>LibrarysystemTest.PrintMainMenuOutputsCorrectly</h4>
                <div class="testcases">
                
                    <div class="test outcome outcome-passed">
                        <a id="713c8667-a55e-4a5d-8421-9c3530c9fa0c"></a>
                        <table class="proplist">
                            <tr><th>Test case:</th><td><b>LibrarysystemTest.PrintMainMenuOutputsCorrectly</b></td></tr>
                            <tr><th>Outcome:</th><td>Passed</td></tr>
                            <tr><th>Duration:</th><td>0.042 sec</td></tr>
                        
                            <tr><th>Failed</th><td>None</td></tr>
                        
                        
                        </table>

                        
                        <pre>None</pre>
                        
                        

                        
                        
                        <div class="stdout"><i>Stdout</i><br>
                            <pre>Note: Google Test filter = LibrarysystemTest.PrintMainMenuOutputsCorrectly
[==========] Running 1 test from 1 test suite.
[----------] Global test environment set-up.
[----------] 1 test from LibrarysystemTest
[ RUN      ] LibrarysystemTest.PrintMainMenuOutputsCorrectly
[NON-XML-CHAR-0x1B][H[NON-XML-CHAR-0x1B][2J[NON-XML-CHAR-0x1B][3J[       OK ] LibrarysystemTest.PrintMainMenuOutputsCorrectly (12 ms)
[----------] 1 test from LibrarysystemTest (12 ms total)

[----------] Global test environment tear-down
[==========] 1 test from 1 test suite ran. (12 ms total)
[  PASSED  ] 1 test.
</pre>
                        </div>
                        
                        
                    </div>
                
                </div>
            </div>
            
            <div class="testclass">
                <h4>LibrarysystemTest.PrintUserMenuOutputsCorrectly</h4>
                <div class="testcases">
                
                    <div class="test outcome outcome-passed">
                        <a id="a55e934d-5136-4f23-b5dc-a036c0f63d8c"></a>
                        <table class="proplist">
                            <tr><th>Test case:</th><td><b>LibrarysystemTest.PrintUserMenuOutputsCorrectly</b></td></tr>
                            <tr><th>Outcome:</th><td>Passed</td></tr>
                            <tr><th>Duration:</th><td>0.044 sec</td></tr>
                        
                            <tr><th>Failed</th><td>None</td></tr>
                        
                        
                        </table>

                        
                        <pre>None</pre>
                        
                        

                        
                        
                        <div class="stdout"><i>Stdout</i><br>
                            <pre>Note: Google Test filter = LibrarysystemTest.PrintUserMenuOutputsCorrectly
[==========] Running 1 test from 1 test suite.
[----------] Global test environment set-up.
[----------] 1 test from LibrarysystemTest
[ RUN      ] LibrarysystemTest.PrintUserMenuOutputsCorrectly
[NON-XML-CHAR-0x1B][H[NON-XML-CHAR-0x1B][2J[NON-XML-CHAR-0x1B][3J[       OK ] LibrarysystemTest.PrintUserMenuOutputsCorrectly (12 ms)
[----------] 1 test from LibrarysystemTest (12 ms total)

[----------] Global test environment tear-down
[==========] 1 test from 1 test suite ran. (13 ms total)
[  PASSED  ] 1 test.
</pre>
                        </div>
                        
                        
                    </div>
                
                </div>
            </div>
            
            <div class="testclass">
                <h4>LibrarysystemTest.PrintBookCatalogingMenuOutputsCorrectly</h4>
                <div class="testcases">
                
                    <div class="test outcome outcome-passed">
                        <a id="61d6252f-9085-470e-9556-8eb2cc1f912c"></a>
                        <table class="proplist">
                            <tr><th>Test case:</th><td><b>LibrarysystemTest.PrintBookCatalogingMenuOutputsCorrectly</b></td></tr>
                            <tr><th>Outcome:</th><td>Passed</td></tr>
                            <tr><th>Duration:</th><td>0.045 sec</td></tr>
                        
                            <tr><th>Failed</th><td>None</td></tr>
                        
                        
                        </table>

                        
                        <pre>None</pre>
                        
                        

                        
                        
                        <div class="stdout"><i>Stdout</i><br>
                            <pre>Note: Google Test filter = LibrarysystemTest.PrintBookCatalogingMenuOutputsCorrectly
[==========] Running 1 test from 1 test suite.
[----------] Global test environment set-up.
[----------] 1 test from LibrarysystemTest
[ RUN      ] LibrarysystemTest.PrintBookCatalogingMenuOutputsCorrectly
[NON-XML-CHAR-0x1B][H[NON-XML-CHAR-0x1B][2J[NON-XML-CHAR-0x1B][3J[       OK ] LibrarysystemTest.PrintBookCatalogingMenuOutputsCorrectly (13 ms)
[----------] 1 test from LibrarysystemTest (13 ms total)

[----------] Global test environment tear-down
[==========] 1 test from 1 test suite ran. (13 ms total)
[  PASSED  ] 1 test.
</pre>
                        </div>
                        
                        
                    </div>
                
                </div>
            </div>
            
            <div class="testclass">
                <h4>LibrarysystemTest.PrintLoanManagementMenuOutputsCorrectly</h4>
                <div class="testcases">
                
                    <div class="test outcome outcome-passed">
                        <a id="406dd22c-4297-4f18-b799-4c86aef0f7d4"></a>
                        <table class="proplist">
                            <tr><th>Test case:</th><td><b>LibrarysystemTest.PrintLoanManagementMenuOutputsCorrectly</b></td></tr>
                            <tr><th>Outcome:</th><td>Passed</td></tr>
                            <tr><th>Duration:</th><td>0.043 sec</td></tr>
                        
                            <tr><th>Failed</th><td>None</td></tr>
                        
                        
                        </table>

                        
                        <pre>None</pre>
                        
                        

                        
                        
                        <div class="stdout"><i>Stdout</i><br>
                            <pre>Note: Google Test filter = LibrarysystemTest.PrintLoanManagementMenuOutputsCorrectly
[==========] Running 1 test from 1 test suite.
[----------] Global test environment set-up.
[----------] 1 test from LibrarysystemTest
[ RUN      ] LibrarysystemTest.PrintLoanManagementMenuOutputsCorrectly
[NON-XML-CHAR-0x1B][H[NON-XML-CHAR-0x1B][2J[NON-XML-CHAR-0x1B][3J[       OK ] LibrarysystemTest.PrintLoanManagementMenuOutputsCorrectly (12 ms)
[----------] 1 test from LibrarysystemTest (12 ms total)

[----------] Global test environment tear-down
[==========] 1 test from 1 test suite ran. (13 ms total)
[  PASSED  ] 1 test.
</pre>
                        </div>
                        
                        
                    </div>
                
                </div>
            </div>
            
            <div class="testclass">
                <h4>LibrarysystemTest.PrintWishListMenuOutputsCorrectly</h4>
                <div class="testcases">
                
                    <div class="test outcome outcome-passed">
                        <a id="37b66f18-c94d-414b-96ab-f243e54735da"></a>
                        <table class="proplist">
                            <tr><th>Test case:</th><td><b>LibrarysystemTest.PrintWishListMenuOutputsCorrectly</b></td></tr>
                            <tr><th>Outcome:</th><td>Passed</td></tr>
                            <tr><th>Duration:</th><td>0.044 sec</td></tr>
                        
                            <tr><th>Failed</th><td>None</td></tr>
                        
                        
                        </table>

                        
                        <pre>None</pre>
                        
                        

                        
                        
                        <div class="stdout"><i>Stdout</i><br>
                            <pre>Note: Google Test filter = LibrarysystemTest.PrintWishListMenuOutputsCorrectly
[==========] Running 1 test from 1 test suite.
[----------] Global test environment set-up.
[----------] 1 test from LibrarysystemTest
[ RUN      ] LibrarysystemTest.PrintWishListMenuOutputsCorrectly
[NON-XML-CHAR-0x1B][H[NON-XML-CHAR-0x1B][2J[NON-XML-CHAR-0x1B][3J[       OK ] LibrarysystemTest.PrintWishListMenuOutputsCorrectly (12 ms)
[----------] 1 test from LibrarysystemTest (12 ms total)

[----------] Global test environment tear-down
[==========] 1 test from 1 test suite ran. (13 ms total)
[  PASSED  ] 1 test.
</pre>
                        </div>
                        
                        
                    </div>
                
                </div>
            </div>
            
            <div class="testclass">
                <h4>LibrarysystemTest.PrintReadingTrackerMenuOutputsCorrectly</h4>
                <div class="testcases">
                
                    <div class="test outcome outcome-passed">
                        <a id="9ec759f8-87e9-4a2d-8552-95916afce76c"></a>
                        <table class="proplist">
                            <tr><th>Test case:</th><td><b>LibrarysystemTest.PrintReadingTrackerMenuOutputsCorrectly</b></td></tr>
                            <tr><th>Outcome:</th><td>Passed</td></tr>
                            <tr><th>Duration:</th><td>0.045 sec</td></tr>
                        
                            <tr><th>Failed</th><td>None</td></tr>
                        
                        
                        </table>

                        
                        <pre>None</pre>
                        
                        

                        
                        
                        <div class="stdout"><i>Stdout</i><br>
                            <pre>Note: Google Test filter = LibrarysystemTest.PrintReadingTrackerMenuOutputsCorrectly
[==========] Running 1 test from 1 test suite.
[----------] Global test environment set-up.
[----------] 1 test from LibrarysystemTest
[ RUN      ] LibrarysystemTest.PrintReadingTrackerMenuOutputsCorrectly
[NON-XML-CHAR-0x1B][H[NON-XML-CHAR-0x1B][2J[NON-XML-CHAR-0x1B][3J[       OK ] LibrarysystemTest.PrintReadingTrackerMenuOutputsCorrectly (12 ms)
[----------] 1 test from LibrarysystemTest (12 ms total)

[----------] Global test environment tear-down
[==========] 1 test from 1 test suite ran. (13 ms total)
[  PASSED  ] 1 test.
</pre>
                        </div>
                        
                        
                    </div>
                
                </div>
            </div>
            
            <div class="testclass">
                <h4>LibrarysystemTest.BookCatalogingMenu_AddBook</h4>
                <div class="testcases">
                
                    <div class="test outcome outcome-passed">
                        <a id="8a6ae4ad-326c-4363-863a-14bd96e0aa88"></a>
                        <table class="proplist">
                            <tr><th>Test case:</th><td><b>LibrarysystemTest.BookCatalogingMenu_AddBook</b></td></tr>
                            <tr><th>Outcome:</th><td>Passed</td></tr>
                            <tr><th>Duration:</th><td>0.056 sec</td></tr>
                        
                            <tr><th>Failed</th><td>None</td></tr>
                        
                        
                        </table>

                        
                        <pre>None</pre>
                        
                        

                        
                        
                        <div class="stdout"><i>Stdout</i><br>
                            <pre>Note: Google Test filter = LibrarysystemTest.BookCatalogingMenu_AddBook
[==========] Running 1 test from 1 test suite.
[----------] Global test environment set-up.
[----------] 1 test from LibrarysystemTest
[ RUN      ] LibrarysystemTest.BookCatalogingMenu_AddBook
[NON-XML-CHAR-0x1B][H[NON-XML-CHAR-0x1B][2J[NON-XML-CHAR-0x1B][3J[NON-XML-CHAR-0x1B][H[NON-XML-CHAR-0x1B][2J[NON-XML-CHAR-0x1B][3J[NON-XML-CHAR-0x1B][H[NON-XML-CHAR-0x1B][2J[NON-XML-CHAR-0x1B][3J[       OK ] LibrarysystemTest.BookCatalogingMenu_AddBook (36 ms)
[----------] 1 test from LibrarysystemTest (36 ms total)

[----------] Global test environment tear-down
[==========] 1 test from 1 test suite ran. (36 ms total)
[  PASSED  ] 1 test.
</pre>
                        </div>
                        
                        
                    </div>
                
                </div>
            </div>
            
            <div class="testclass">
                <h4>LibrarysystemTest.BookCatalogingMenu_DeleteBook</h4>
                <div class="testcases">
                
                    <div class="test outcome outcome-failed">
                        <a id="6eb9719d-1658-4c20-8068-bc5fc58fff87"></a>
                        <table class="proplist">
                            <tr><th>Test case:</th><td><b>LibrarysystemTest.BookCatalogingMenu_DeleteBook</b></td></tr>
                            <tr><th>Outcome:</th><td>Failed</td></tr>
                            <tr><th>Duration:</th><td>0.066 sec</td></tr>
                        
                            <tr><th>Failed</th><td></td></tr>
                        
                        
                        </table>

                        
                        <pre>failed</pre>
                        
                        

                        
                        
                        <div class="stdout"><i>Stdout</i><br>
                            <pre>Note: Google Test filter = LibrarysystemTest.BookCatalogingMenu_DeleteBook
[==========] Running 1 test from 1 test suite.
[----------] Global test environment set-up.
[----------] 1 test from LibrarysystemTest
[ RUN      ] LibrarysystemTest.BookCatalogingMenu_DeleteBook
[NON-XML-CHAR-0x1B][H[NON-XML-CHAR-0x1B][2J[NON-XML-CHAR-0x1B][3J[NON-XML-CHAR-0x1B][H[NON-XML-CHAR-0x1B][2J[NON-XML-CHAR-0x1B][3J[NON-XML-CHAR-0x1B][H[NON-XML-CHAR-0x1B][2J[NON-XML-CHAR-0x1B][3J/mnt/c/Users/Yakup/Documents/GitHub/ForFinal/ce103-final-yakup-eroglu-hasan-basri-taskin-cpp/src/tests/librarysystem/librarysystem_test.cpp:164: Failure
Expected equality of these values:
  expectedOutput
    Which is: &#34;welcome to Book Operations\n\n1. Add Book\n2. Delete Book\n3. Update Book\n4. View Catalog\n5. Return User Operations\nPlease enter a number to select:\n1.2\n\nPlease enter the number of the book you want to delete: You must enter a numeric ID.\nwelcome to Book Operations\n\n1. Add Book\n2. Delete Book\n3. Update Book\n4. View Catalog\n5. Return User Operations\nPlease enter a number to select:\n&#34;
  out.str()
    Which is: &#34;welcome to Book Operations\n\n1. Add Book\n2. Delete Book\n3. Update Book\n4. View Catalog\n5. Return User Operations\nPlease enter a number to select:\n1.asd\n\nPlease enter the number of the book you want to delete: You must enter a numeric ID.\nwelcome to Book Operations\n\n1. Add Book\n2. Delete Book\n3. Update Book\n4. View Catalog\n5. Return User Operations\nPlease enter a number to select:\n&#34;
With diff:
@@ -7,5 +7,5 @@
 5. Return User Operations
 Please enter a number to select:
-1.2
+1.asd
 
 Please enter the number of the book you want to delete: You must enter a numeric ID.


[  FAILED  ] LibrarysystemTest.BookCatalogingMenu_DeleteBook (44 ms)
[----------] 1 test from LibrarysystemTest (44 ms total)

[----------] Global test environment tear-down
[==========] 1 test from 1 test suite ran. (45 ms total)
[  PASSED  ] 0 tests.
[  FAILED  ] 1 test, listed below:
[  FAILED  ] LibrarysystemTest.BookCatalogingMenu_DeleteBook

 1 FAILED TEST
</pre>
                        </div>
                        
                        
                    </div>
                
                </div>
            </div>
            
            <div class="testclass">
                <h4>LibrarysystemTest.BookCatalogingMenu_DeleteBookfounfalse</h4>
                <div class="testcases">
                
                    <div class="test outcome outcome-failed">
                        <a id="9cd28f91-9c5f-49a5-bc65-bfc983da7716"></a>
                        <table class="proplist">
                            <tr><th>Test case:</th><td><b>LibrarysystemTest.BookCatalogingMenu_DeleteBookfounfalse</b></td></tr>
                            <tr><th>Outcome:</th><td>Failed</td></tr>
                            <tr><th>Duration:</th><td>0.072 sec</td></tr>
                        
                            <tr><th>Failed</th><td></td></tr>
                        
                        
                        </table>

                        
                        <pre>failed</pre>
                        
                        

                        
                        
                        <div class="stdout"><i>Stdout</i><br>
                            <pre>Note: Google Test filter = LibrarysystemTest.BookCatalogingMenu_DeleteBookfounfalse
[==========] Running 1 test from 1 test suite.
[----------] Global test environment set-up.
[----------] 1 test from LibrarysystemTest
[ RUN      ] LibrarysystemTest.BookCatalogingMenu_DeleteBookfounfalse
[NON-XML-CHAR-0x1B][H[NON-XML-CHAR-0x1B][2J[NON-XML-CHAR-0x1B][3J[NON-XML-CHAR-0x1B][H[NON-XML-CHAR-0x1B][2J[NON-XML-CHAR-0x1B][3J[NON-XML-CHAR-0x1B][H[NON-XML-CHAR-0x1B][2J[NON-XML-CHAR-0x1B][3J/mnt/c/Users/Yakup/Documents/GitHub/ForFinal/ce103-final-yakup-eroglu-hasan-basri-taskin-cpp/src/tests/librarysystem/librarysystem_test.cpp:172: Failure
Expected equality of these values:
  expectedOutput
    Which is: &#34;welcome to Book Operations\n\n1. Add Book\n2. Delete Book\n3. Update Book\n4. View Catalog\n5. Return User Operations\nPlease enter a number to select:\n1.2\n\nPlease enter the number of the book you want to delete: Book with ID 99 not found.\nwelcome to Book Operations\n\n1. Add Book\n2. Delete Book\n3. Update Book\n4. View Catalog\n5. Return User Operations\nPlease enter a number to select:\n&#34;
  out.str()
    Which is: &#34;welcome to Book Operations\n\n1. Add Book\n2. Delete Book\n3. Update Book\n4. View Catalog\n5. Return User Operations\nPlease enter a number to select:\n1.asd\n\nPlease enter the number of the book you want to delete: Book with ID 50 not found.\nwelcome to Book Operations\n\n1. Add Book\n2. Delete Book\n3. Update Book\n4. View Catalog\n5. Return User Operations\nPlease enter a number to select:\n&#34;
With diff:
@@ -7,7 +7,7 @@
 5. Return User Operations
 Please enter a number to select:
-1.2
+1.asd
 
-Please enter the number of the book you want to delete: Book with ID 99 not found.
+Please enter the number of the book you want to delete: Book with ID 50 not found.
 welcome to Book Operations
 


[  FAILED  ] LibrarysystemTest.BookCatalogingMenu_DeleteBookfounfalse (39 ms)
[----------] 1 test from LibrarysystemTest (39 ms total)

[----------] Global test environment tear-down
[==========] 1 test from 1 test suite ran. (39 ms total)
[  PASSED  ] 0 tests.
[  FAILED  ] 1 test, listed below:
[  FAILED  ] LibrarysystemTest.BookCatalogingMenu_DeleteBookfounfalse

 1 FAILED TEST
</pre>
                        </div>
                        
                        
                    </div>
                
                </div>
            </div>
            
            <div class="testclass">
                <h4>LibrarysystemTest.BookCatalogingMenu_DeleteBookfoundtrue</h4>
                <div class="testcases">
                
                    <div class="test outcome outcome-failed">
                        <a id="870bcbde-5e97-4277-95c1-cdeb039e7ff9"></a>
                        <table class="proplist">
                            <tr><th>Test case:</th><td><b>LibrarysystemTest.BookCatalogingMenu_DeleteBookfoundtrue</b></td></tr>
                            <tr><th>Outcome:</th><td>Failed</td></tr>
                            <tr><th>Duration:</th><td>0.07 sec</td></tr>
                        
                            <tr><th>Failed</th><td></td></tr>
                        
                        
                        </table>

                        
                        <pre>failed</pre>
                        
                        

                        
                        
                        <div class="stdout"><i>Stdout</i><br>
                            <pre>Note: Google Test filter = LibrarysystemTest.BookCatalogingMenu_DeleteBookfoundtrue
[==========] Running 1 test from 1 test suite.
[----------] Global test environment set-up.
[----------] 1 test from LibrarysystemTest
[ RUN      ] LibrarysystemTest.BookCatalogingMenu_DeleteBookfoundtrue
[NON-XML-CHAR-0x1B][H[NON-XML-CHAR-0x1B][2J[NON-XML-CHAR-0x1B][3J[NON-XML-CHAR-0x1B][H[NON-XML-CHAR-0x1B][2J[NON-XML-CHAR-0x1B][3J[NON-XML-CHAR-0x1B][H[NON-XML-CHAR-0x1B][2J[NON-XML-CHAR-0x1B][3J/mnt/c/Users/Yakup/Documents/GitHub/ForFinal/ce103-final-yakup-eroglu-hasan-basri-taskin-cpp/src/tests/librarysystem/librarysystem_test.cpp:180: Failure
Expected equality of these values:
  expectedOutput
    Which is: &#34;welcome to Book Operations\n\n1. Add Book\n2. Delete Book\n3. Update Book\n4. View Catalog\n5. Return User Operations\nPlease enter a number to select:\n\nPlease enter the number of the book you want to delete: Book with ID 5 not found.\nwelcome to Book Operations\n\n1. Add Book\n2. Delete Book\n3. Update Book\n4. View Catalog\n5. Return User Operations\nPlease enter a number to select:\n&#34;
  out.str()
    Which is: &#34;welcome to Book Operations\n\n1. Add Book\n2. Delete Book\n3. Update Book\n4. View Catalog\n5. Return User Operations\nPlease enter a number to select:\n1.asd\n\nPlease enter the number of the book you want to delete: Book with ID 7 not found.\nwelcome to Book Operations\n\n1. Add Book\n2. Delete Book\n3. Update Book\n4. View Catalog\n5. Return User Operations\nPlease enter a number to select:\n&#34;
With diff:
@@ -7,6 +7,7 @@
 5. Return User Operations
 Please enter a number to select:
+1.asd
 
-Please enter the number of the book you want to delete: Book with ID 5 not found.
+Please enter the number of the book you want to delete: Book with ID 7 not found.
 welcome to Book Operations
 


[  FAILED  ] LibrarysystemTest.BookCatalogingMenu_DeleteBookfoundtrue (39 ms)
[----------] 1 test from LibrarysystemTest (39 ms total)

[----------] Global test environment tear-down
[==========] 1 test from 1 test suite ran. (39 ms total)
[  PASSED  ] 0 tests.
[  FAILED  ] 1 test, listed below:
[  FAILED  ] LibrarysystemTest.BookCatalogingMenu_DeleteBookfoundtrue

 1 FAILED TEST
</pre>
                        </div>
                        
                        
                    </div>
                
                </div>
            </div>
            
            <div class="testclass">
                <h4>LibrarysystemTest.BookCatalogingMenu_DeleteBookSucces</h4>
                <div class="testcases">
                
                    <div class="test outcome outcome-failed">
                        <a id="4d716ae9-d0a4-43d3-adb7-8385236b374b"></a>
                        <table class="proplist">
                            <tr><th>Test case:</th><td><b>LibrarysystemTest.BookCatalogingMenu_DeleteBookSucces</b></td></tr>
                            <tr><th>Outcome:</th><td>Failed</td></tr>
                            <tr><th>Duration:</th><td>0.069 sec</td></tr>
                        
                            <tr><th>Failed</th><td></td></tr>
                        
                        
                        </table>

                        
                        <pre>failed</pre>
                        
                        

                        
                        
                        <div class="stdout"><i>Stdout</i><br>
                            <pre>Note: Google Test filter = LibrarysystemTest.BookCatalogingMenu_DeleteBookSucces
[==========] Running 1 test from 1 test suite.
[----------] Global test environment set-up.
[----------] 1 test from LibrarysystemTest
[ RUN      ] LibrarysystemTest.BookCatalogingMenu_DeleteBookSucces
[NON-XML-CHAR-0x1B][H[NON-XML-CHAR-0x1B][2J[NON-XML-CHAR-0x1B][3J[NON-XML-CHAR-0x1B][H[NON-XML-CHAR-0x1B][2J[NON-XML-CHAR-0x1B][3J[NON-XML-CHAR-0x1B][H[NON-XML-CHAR-0x1B][2J[NON-XML-CHAR-0x1B][3J/mnt/c/Users/Yakup/Documents/GitHub/ForFinal/ce103-final-yakup-eroglu-hasan-basri-taskin-cpp/src/tests/librarysystem/librarysystem_test.cpp:188: Failure
Expected equality of these values:
  expectedOutput
    Which is: &#34;welcome to Book Operations\n\n1. Add Book\n2. Delete Book\n3. Update Book\n4. View Catalog\n5. Return User Operations\nPlease enter a number to select:\n1.2\n\nPlease enter the number of the book you want to delete: Book deleted successfully.\nwelcome to Book Operations\n\n1. Add Book\n2. Delete Book\n3. Update Book\n4. View Catalog\n5. Return User Operations\nPlease enter a number to select:\n&#34;
  out.str()
    Which is: &#34;welcome to Book Operations\n\n1. Add Book\n2. Delete Book\n3. Update Book\n4. View Catalog\n5. Return User Operations\nPlease enter a number to select:\n1.asd\n\nPlease enter the number of the book you want to delete: Book with ID 3 not found.\nwelcome to Book Operations\n\n1. Add Book\n2. Delete Book\n3. Update Book\n4. View Catalog\n5. Return User Operations\nPlease enter a number to select:\n&#34;
With diff:
@@ -7,7 +7,7 @@
 5. Return User Operations
 Please enter a number to select:
-1.2
+1.asd
 
-Please enter the number of the book you want to delete: Book deleted successfully.
+Please enter the number of the book you want to delete: Book with ID 3 not found.
 welcome to Book Operations
 


[  FAILED  ] LibrarysystemTest.BookCatalogingMenu_DeleteBookSucces (38 ms)
[----------] 1 test from LibrarysystemTest (38 ms total)

[----------] Global test environment tear-down
[==========] 1 test from 1 test suite ran. (38 ms total)
[  PASSED  ] 0 tests.
[  FAILED  ] 1 test, listed below:
[  FAILED  ] LibrarysystemTest.BookCatalogingMenu_DeleteBookSucces

 1 FAILED TEST
</pre>
                        </div>
                        
                        
                    </div>
                
                </div>
            </div>
            
            <div class="testclass">
                <h4>LibrarysystemTest.BookCatalogingMenu_UpdateBook</h4>
                <div class="testcases">
                
                    <div class="test outcome outcome-failed">
                        <a id="50cf71a5-2849-4ab7-85ba-b1ad229006dd"></a>
                        <table class="proplist">
                            <tr><th>Test case:</th><td><b>LibrarysystemTest.BookCatalogingMenu_UpdateBook</b></td></tr>
                            <tr><th>Outcome:</th><td>Failed</td></tr>
                            <tr><th>Duration:</th><td>0.067 sec</td></tr>
                        
                            <tr><th>Failed</th><td></td></tr>
                        
                        
                        </table>

                        
                        <pre>failed</pre>
                        
                        

                        
                        
                        <div class="stdout"><i>Stdout</i><br>
                            <pre>Note: Google Test filter = LibrarysystemTest.BookCatalogingMenu_UpdateBook
[==========] Running 1 test from 1 test suite.
[----------] Global test environment set-up.
[----------] 1 test from LibrarysystemTest
[ RUN      ] LibrarysystemTest.BookCatalogingMenu_UpdateBook
[NON-XML-CHAR-0x1B][H[NON-XML-CHAR-0x1B][2J[NON-XML-CHAR-0x1B][3J[NON-XML-CHAR-0x1B][H[NON-XML-CHAR-0x1B][2J[NON-XML-CHAR-0x1B][3J[NON-XML-CHAR-0x1B][H[NON-XML-CHAR-0x1B][2J[NON-XML-CHAR-0x1B][3J/mnt/c/Users/Yakup/Documents/GitHub/ForFinal/ce103-final-yakup-eroglu-hasan-basri-taskin-cpp/src/tests/librarysystem/librarysystem_test.cpp:196: Failure
Expected equality of these values:
  expectedOutput
    Which is: &#34;welcome to Book Operations\n\n1. Add Book\n2. Delete Book\n3. Update Book\n4. View Catalog\n5. Return User Operations\nPlease enter a number to select:\n\nPlease enter the number of the book you want to update: welcome to Book Operations\n\n1. Add Book\n2. Delete Book\n3. Update Book\n4. View Catalog\n5. Return User Operations\nPlease enter a number to select:\n&#34;
  out.str()
    Which is: &#34;welcome to Book Operations\n\n1. Add Book\n2. Delete Book\n3. Update Book\n4. View Catalog\n5. Return User Operations\nPlease enter a number to select:\n1.asd\n\nPlease enter the number of the book you want to update: welcome to Book Operations\n\n1. Add Book\n2. Delete Book\n3. Update Book\n4. View Catalog\n5. Return User Operations\nPlease enter a number to select:\n&#34;
With diff:
@@ +7,5 @@
 5. Return User Operations
 Please enter a number to select:
+1.asd
 
 Please enter the number of the book you want to update: welcome to Book Operations


[  FAILED  ] LibrarysystemTest.BookCatalogingMenu_UpdateBook (39 ms)
[----------] 1 test from LibrarysystemTest (39 ms total)

[----------] Global test environment tear-down
[==========] 1 test from 1 test suite ran. (39 ms total)
[  PASSED  ] 0 tests.
[  FAILED  ] 1 test, listed below:
[  FAILED  ] LibrarysystemTest.BookCatalogingMenu_UpdateBook

 1 FAILED TEST
</pre>
                        </div>
                        
                        
                    </div>
                
                </div>
            </div>
            
            <div class="testclass">
                <h4>LibrarysystemTest.BookCatalogingMenu_ViewCatalog</h4>
                <div class="testcases">
                
                    <div class="test outcome outcome-failed">
                        <a id="693578f8-b4b2-4ea0-8282-3d3e82b90c23"></a>
                        <table class="proplist">
                            <tr><th>Test case:</th><td><b>LibrarysystemTest.BookCatalogingMenu_ViewCatalog</b></td></tr>
                            <tr><th>Outcome:</th><td>Failed</td></tr>
                            <tr><th>Duration:</th><td>0.069 sec</td></tr>
                        
                            <tr><th>Failed</th><td></td></tr>
                        
                        
                        </table>

                        
                        <pre>failed</pre>
                        
                        

                        
                        
                        <div class="stdout"><i>Stdout</i><br>
                            <pre>Note: Google Test filter = LibrarysystemTest.BookCatalogingMenu_ViewCatalog
[==========] Running 1 test from 1 test suite.
[----------] Global test environment set-up.
[----------] 1 test from LibrarysystemTest
[ RUN      ] LibrarysystemTest.BookCatalogingMenu_ViewCatalog
[NON-XML-CHAR-0x1B][H[NON-XML-CHAR-0x1B][2J[NON-XML-CHAR-0x1B][3J[NON-XML-CHAR-0x1B][H[NON-XML-CHAR-0x1B][2J[NON-XML-CHAR-0x1B][3J[NON-XML-CHAR-0x1B][H[NON-XML-CHAR-0x1B][2J[NON-XML-CHAR-0x1B][3J[NON-XML-CHAR-0x1B][H[NON-XML-CHAR-0x1B][2J[NON-XML-CHAR-0x1B][3J/mnt/c/Users/Yakup/Documents/GitHub/ForFinal/ce103-final-yakup-eroglu-hasan-basri-taskin-cpp/src/tests/librarysystem/librarysystem_test.cpp:204: Failure
Expected equality of these values:
  expectedOutput
    Which is: &#34;welcome to Book Operations\n\n1. Add Book\n2. Delete Book\n3. Update Book\n4. View Catalog\n5. Return User Operations\nPlease enter a number to select:\n\nPress enter to return to Main Menuwelcome to Book Operations\n\n1. Add Book\n2. Delete Book\n3. Update Book\n4. View Catalog\n5. Return User Operations\nPlease enter a number to select:\nInvalid input. Please enter a number.\nwelcome to Book Operations\n\n1. Add Book\n2. Delete Book\n3. Update Book\n4. View Catalog\n5. Return User Operations\nPlease enter a number to select:\n&#34;
  out.str()
    Which is: &#34;welcome to Book Operations\n\n1. Add Book\n2. Delete Book\n3. Update Book\n4. View Catalog\n5. Return User Operations\nPlease enter a number to select:\n1.asd\n\nPress enter to return to Main Menuwelcome to Book Operations\n\n1. Add Book\n2. Delete Book\n3. Update Book\n4. View Catalog\n5. Return User Operations\nPlease enter a number to select:\nInvalid input. Please enter a number.\nwelcome to Book Operations\n\n1. Add Book\n2. Delete Book\n3. Update Book\n4. View Catalog\n5. Return User Operations\nPlease enter a number to select:\n&#34;
With diff:
@@ +7,5 @@
 5. Return User Operations
 Please enter a number to select:
+1.asd
 
 Press enter to return to Main Menuwelcome to Book Operations


[  FAILED  ] LibrarysystemTest.BookCatalogingMenu_ViewCatalog (50 ms)
[----------] 1 test from LibrarysystemTest (50 ms total)

[----------] Global test environment tear-down
[==========] 1 test from 1 test suite ran. (50 ms total)
[  PASSED  ] 0 tests.
[  FAILED  ] 1 test, listed below:
[  FAILED  ] LibrarysystemTest.BookCatalogingMenu_ViewCatalog

 1 FAILED TEST
libgcov profiling error:/mnt/c/Users/Yakup/Documents/GitHub/ForFinal/ce103-final-yakup-eroglu-hasan-basri-taskin-cpp/build_linux/src/tests/librarysystem/CMakeFiles/librarysystem_tests.dir/librarysystem_test.cpp.gcda:Merge mismatch for function 499
</pre>
                        </div>
                        
                        
                    </div>
                
                </div>
            </div>
            
            <div class="testclass">
                <h4>LibrarysystemTest.BookCatalogingMenu_InvalidOption</h4>
                <div class="testcases">
                
                    <div class="test outcome outcome-passed">
                        <a id="12489389-b760-447e-bc65-7d9767f55c5f"></a>
                        <table class="proplist">
                            <tr><th>Test case:</th><td><b>LibrarysystemTest.BookCatalogingMenu_InvalidOption</b></td></tr>
                            <tr><th>Outcome:</th><td>Passed</td></tr>
                            <tr><th>Duration:</th><td>0.067 sec</td></tr>
                        
                            <tr><th>Failed</th><td>None</td></tr>
                        
                        
                        </table>

                        
                        <pre>None</pre>
                        
                        

                        
                        
                        <div class="stdout"><i>Stdout</i><br>
                            <pre>Note: Google Test filter = LibrarysystemTest.BookCatalogingMenu_InvalidOption
[==========] Running 1 test from 1 test suite.
[----------] Global test environment set-up.
[----------] 1 test from LibrarysystemTest
[ RUN      ] LibrarysystemTest.BookCatalogingMenu_InvalidOption
[NON-XML-CHAR-0x1B][H[NON-XML-CHAR-0x1B][2J[NON-XML-CHAR-0x1B][3J[NON-XML-CHAR-0x1B][H[NON-XML-CHAR-0x1B][2J[NON-XML-CHAR-0x1B][3J[       OK ] LibrarysystemTest.BookCatalogingMenu_InvalidOption (23 ms)
[----------] 1 test from LibrarysystemTest (23 ms total)

[----------] Global test environment tear-down
[==========] 1 test from 1 test suite ran. (23 ms total)
[  PASSED  ] 1 test.
</pre>
                        </div>
                        
                        
                    </div>
                
                </div>
            </div>
            
            <div class="testclass">
                <h4>LibrarysystemTest.BookCatalogingMenu_Infail</h4>
                <div class="testcases">
                
                    <div class="test outcome outcome-passed">
                        <a id="26f4fdae-a970-43e9-871a-af0679439d84"></a>
                        <table class="proplist">
                            <tr><th>Test case:</th><td><b>LibrarysystemTest.BookCatalogingMenu_Infail</b></td></tr>
                            <tr><th>Outcome:</th><td>Passed</td></tr>
                            <tr><th>Duration:</th><td>0.06 sec</td></tr>
                        
                            <tr><th>Failed</th><td>None</td></tr>
                        
                        
                        </table>

                        
                        <pre>None</pre>
                        
                        

                        
                        
                        <div class="stdout"><i>Stdout</i><br>
                            <pre>Note: Google Test filter = LibrarysystemTest.BookCatalogingMenu_Infail
[==========] Running 1 test from 1 test suite.
[----------] Global test environment set-up.
[----------] 1 test from LibrarysystemTest
[ RUN      ] LibrarysystemTest.BookCatalogingMenu_Infail
[NON-XML-CHAR-0x1B][H[NON-XML-CHAR-0x1B][2J[NON-XML-CHAR-0x1B][3J[NON-XML-CHAR-0x1B][H[NON-XML-CHAR-0x1B][2J[NON-XML-CHAR-0x1B][3J[       OK ] LibrarysystemTest.BookCatalogingMenu_Infail (23 ms)
[----------] 1 test from LibrarysystemTest (23 ms total)

[----------] Global test environment tear-down
[==========] 1 test from 1 test suite ran. (24 ms total)
[  PASSED  ] 1 test.
</pre>
                        </div>
                        
                        
                    </div>
                
                </div>
            </div>
            
            <div class="testclass">
                <h4>LibrarysystemTest.BookCatalogingMenu_ExitMenu</h4>
                <div class="testcases">
                
                    <div class="test outcome outcome-passed">
                        <a id="f841441d-0b89-450b-ba87-f66c7c62a134"></a>
                        <table class="proplist">
                            <tr><th>Test case:</th><td><b>LibrarysystemTest.BookCatalogingMenu_ExitMenu</b></td></tr>
                            <tr><th>Outcome:</th><td>Passed</td></tr>
                            <tr><th>Duration:</th><td>0.05 sec</td></tr>
                        
                            <tr><th>Failed</th><td>None</td></tr>
                        
                        
                        </table>

                        
                        <pre>None</pre>
                        
                        

                        
                        
                        <div class="stdout"><i>Stdout</i><br>
                            <pre>Note: Google Test filter = LibrarysystemTest.BookCatalogingMenu_ExitMenu
[==========] Running 1 test from 1 test suite.
[----------] Global test environment set-up.
[----------] 1 test from LibrarysystemTest
[ RUN      ] LibrarysystemTest.BookCatalogingMenu_ExitMenu
[NON-XML-CHAR-0x1B][H[NON-XML-CHAR-0x1B][2J[NON-XML-CHAR-0x1B][3J[       OK ] LibrarysystemTest.BookCatalogingMenu_ExitMenu (13 ms)
[----------] 1 test from LibrarysystemTest (13 ms total)

[----------] Global test environment tear-down
[==========] 1 test from 1 test suite ran. (13 ms total)
[  PASSED  ] 1 test.
</pre>
                        </div>
                        
                        
                    </div>
                
                </div>
            </div>
            
            <div class="testclass">
                <h4>LibrarysystemTest.LoanManagementMenu_LendBook</h4>
                <div class="testcases">
                
                    <div class="test outcome outcome-failed">
                        <a id="0a04fd8c-5989-4403-82da-0bf193e110cc"></a>
                        <table class="proplist">
                            <tr><th>Test case:</th><td><b>LibrarysystemTest.LoanManagementMenu_LendBook</b></td></tr>
                            <tr><th>Outcome:</th><td>Failed</td></tr>
                            <tr><th>Duration:</th><td>0.101 sec</td></tr>
                        
                            <tr><th>Failed</th><td></td></tr>
                        
                        
                        </table>

                        
                        <pre>failed</pre>
                        
                        

                        
                        
                        <div class="stdout"><i>Stdout</i><br>
                            <pre>Note: Google Test filter = LibrarysystemTest.LoanManagementMenu_LendBook
[==========] Running 1 test from 1 test suite.
[----------] Global test environment set-up.
[----------] 1 test from LibrarysystemTest
[ RUN      ] LibrarysystemTest.LoanManagementMenu_LendBook
[NON-XML-CHAR-0x1B][H[NON-XML-CHAR-0x1B][2J[NON-XML-CHAR-0x1B][3J[NON-XML-CHAR-0x1B][H[NON-XML-CHAR-0x1B][2J[NON-XML-CHAR-0x1B][3J[NON-XML-CHAR-0x1B][H[NON-XML-CHAR-0x1B][2J[NON-XML-CHAR-0x1B][3J[NON-XML-CHAR-0x1B][H[NON-XML-CHAR-0x1B][2J[NON-XML-CHAR-0x1B][3J[NON-XML-CHAR-0x1B][H[NON-XML-CHAR-0x1B][2J[NON-XML-CHAR-0x1B][3J[NON-XML-CHAR-0x1B][H[NON-XML-CHAR-0x1B][2J[NON-XML-CHAR-0x1B][3J/mnt/c/Users/Yakup/Documents/GitHub/ForFinal/ce103-final-yakup-eroglu-hasan-basri-taskin-cpp/src/tests/librarysystem/librarysystem_test.cpp:233: Failure
Expected equality of these values:
  expectedOutput
    Which is: &#34;welcome to LoanManagement\n\n1. Lend Book\n2. Borrow Book\n3. View Loans\n4. Return User Operations\nPlease enter a number to select:\n\nPlease enter the ID of the book you want to return: welcome to LoanManagement\n\n1. Lend Book\n2. Borrow Book\n3. View Loans\n4. Return User Operations\nPlease enter a number to select:\n&#34;
  out.str()
    Which is: &#34;welcome to LoanManagement\n\n1. Lend Book\n2. Borrow Book\n3. View Loans\n4. Return User Operations\nPlease enter a number to select:\nwelcome to LoanManagement\n\n1. Lend Book\n2. Borrow Book\n3. View Loans\n4. Return User Operations\nPlease enter a number to select:\n\nPlease enter the ID of the book you want to return: welcome to LoanManagement\n\n1. Lend Book\n2. Borrow Book\n3. View Loans\n4. Return User Operations\nPlease enter a number to select:\nInvalid option. Please try again.\nwelcome to LoanManagement\n\n1. Lend Book\n2. Borrow Book\n3. View Loans\n4. Return User Operations\nPlease enter a number to select:\n&#34;
With diff:
@@ +1,9 @@
+welcome to LoanManagement
+
+1. Lend Book
+2. Borrow Book
+3. View Loans
+4. Return User Operations
+Please enter a number to select:
 welcome to LoanManagement
 
@@ +15,12 @@
 
 Please enter the ID of the book you want to return: welcome to LoanManagement
+
+1. Lend Book
+2. Borrow Book
+3. View Loans
+4. Return User Operations
+Please enter a number to select:
+Invalid option. Please try again.
+welcome to LoanManagement
 
 1. Lend Book


[  FAILED  ] LibrarysystemTest.LoanManagementMenu_LendBook (73 ms)
[----------] 1 test from LibrarysystemTest (73 ms total)

[----------] Global test environment tear-down
[==========] 1 test from 1 test suite ran. (74 ms total)
[  PASSED  ] 0 tests.
[  FAILED  ] 1 test, listed below:
[  FAILED  ] LibrarysystemTest.LoanManagementMenu_LendBook

 1 FAILED TEST
</pre>
                        </div>
                        
                        
                    </div>
                
                </div>
            </div>
            
            <div class="testclass">
                <h4>LibrarysystemTest.LoanManagementMenu_ViewLoans</h4>
                <div class="testcases">
                
                    <div class="test outcome outcome-failed">
                        <a id="1041f487-9e70-4b4d-9ff0-7ba7973328df"></a>
                        <table class="proplist">
                            <tr><th>Test case:</th><td><b>LibrarysystemTest.LoanManagementMenu_ViewLoans</b></td></tr>
                            <tr><th>Outcome:</th><td>Failed</td></tr>
                            <tr><th>Duration:</th><td>0.054 sec</td></tr>
                        
                            <tr><th>Failed</th><td></td></tr>
                        
                        
                        </table>

                        
                        <pre>failed</pre>
                        
                        

                        
                        
                        <div class="stdout"><i>Stdout</i><br>
                            <pre>Note: Google Test filter = LibrarysystemTest.LoanManagementMenu_ViewLoans
[==========] Running 1 test from 1 test suite.
[----------] Global test environment set-up.
[----------] 1 test from LibrarysystemTest
[ RUN      ] LibrarysystemTest.LoanManagementMenu_ViewLoans
[NON-XML-CHAR-0x1B][H[NON-XML-CHAR-0x1B][2J[NON-XML-CHAR-0x1B][3J[NON-XML-CHAR-0x1B][H[NON-XML-CHAR-0x1B][2J[NON-XML-CHAR-0x1B][3J[NON-XML-CHAR-0x1B][H[NON-XML-CHAR-0x1B][2J[NON-XML-CHAR-0x1B][3J/mnt/c/Users/Yakup/Documents/GitHub/ForFinal/ce103-final-yakup-eroglu-hasan-basri-taskin-cpp/src/tests/librarysystem/librarysystem_test.cpp:241: Failure
Expected equality of these values:
  expectedOutput
    Which is: &#34;welcome to LoanManagement\n\n1. Lend Book\n2. Borrow Book\n3. View Loans\n4. Return User Operations\nPlease enter a number to select:\nLoaned Books:\n\nPress any key to return to Main Menuwelcome to LoanManagement\n\n1. Lend Book\n2. Borrow Book\n3. View Loans\n4. Return User Operations\nPlease enter a number to select:\n&#34;
  out.str()
    Which is: &#34;welcome to LoanManagement\n\n1. Lend Book\n2. Borrow Book\n3. View Loans\n4. Return User Operations\nPlease enter a number to select:\nwelcome to LoanManagement\n\n1. Lend Book\n2. Borrow Book\n3. View Loans\n4. Return User Operations\nPlease enter a number to select:\n&#34;
With diff:
@@ -6,7 +6,5 @@
 4. Return User Operations
 Please enter a number to select:
-Loaned Books:
-
-Press any key to return to Main Menuwelcome to LoanManagement
+welcome to LoanManagement
 
 1. Lend Book


[  FAILED  ] LibrarysystemTest.LoanManagementMenu_ViewLoans (35 ms)
[----------] 1 test from LibrarysystemTest (35 ms total)

[----------] Global test environment tear-down
[==========] 1 test from 1 test suite ran. (35 ms total)
[  PASSED  ] 0 tests.
[  FAILED  ] 1 test, listed below:
[  FAILED  ] LibrarysystemTest.LoanManagementMenu_ViewLoans

 1 FAILED TEST
</pre>
                        </div>
                        
                        
                    </div>
                
                </div>
            </div>
            
            <div class="testclass">
                <h4>LibrarysystemTest.LoanManagementMenu_BorrowBook</h4>
                <div class="testcases">
                
                    <div class="test outcome outcome-failed">
                        <a id="1f6e92aa-2742-4ff1-be39-8e08d15380da"></a>
                        <table class="proplist">
                            <tr><th>Test case:</th><td><b>LibrarysystemTest.LoanManagementMenu_BorrowBook</b></td></tr>
                            <tr><th>Outcome:</th><td>Failed</td></tr>
                            <tr><th>Duration:</th><td>0.108 sec</td></tr>
                        
                            <tr><th>Failed</th><td></td></tr>
                        
                        
                        </table>

                        
                        <pre>failed</pre>
                        
                        

                        
                        
                        <div class="stdout"><i>Stdout</i><br>
                            <pre>Note: Google Test filter = LibrarysystemTest.LoanManagementMenu_BorrowBook
[==========] Running 1 test from 1 test suite.
[----------] Global test environment set-up.
[----------] 1 test from LibrarysystemTest
[ RUN      ] LibrarysystemTest.LoanManagementMenu_BorrowBook
[NON-XML-CHAR-0x1B][H[NON-XML-CHAR-0x1B][2J[NON-XML-CHAR-0x1B][3J[NON-XML-CHAR-0x1B][H[NON-XML-CHAR-0x1B][2J[NON-XML-CHAR-0x1B][3J[NON-XML-CHAR-0x1B][H[NON-XML-CHAR-0x1B][2J[NON-XML-CHAR-0x1B][3J[NON-XML-CHAR-0x1B][H[NON-XML-CHAR-0x1B][2J[NON-XML-CHAR-0x1B][3J/mnt/c/Users/Yakup/Documents/GitHub/ForFinal/ce103-final-yakup-eroglu-hasan-basri-taskin-cpp/src/tests/librarysystem/librarysystem_test.cpp:249: Failure
Expected equality of these values:
  expectedOutput
    Which is: &#34;welcome to LoanManagement\n\n1. Lend Book\n2. Borrow Book\n3. View Loans\n4. Return User Operations\nPlease enter a number to select:\n\nPlease enter the ID of the book you want to borrow: welcome to LoanManagement\n\n1. Lend Book\n2. Borrow Book\n3. View Loans\n4. Return User Operations\nPlease enter a number to select:\nInvalid option. Please try again.\nwelcome to LoanManagement\n\n1. Lend Book\n2. Borrow Book\n3. View Loans\n4. Return User Operations\nPlease enter a number to select:\n&#34;
  out.str()
    Which is: &#34;welcome to LoanManagement\n\n1. Lend Book\n2. Borrow Book\n3. View Loans\n4. Return User Operations\nPlease enter a number to select:\n1.asd\n\nPlease enter the ID of the book you want to borrow: welcome to LoanManagement\n\n1. Lend Book\n2. Borrow Book\n3. View Loans\n4. Return User Operations\nPlease enter a number to select:\nInvalid option. Please try again.\nwelcome to LoanManagement\n\n1. Lend Book\n2. Borrow Book\n3. View Loans\n4. Return User Operations\nPlease enter a number to select:\n&#34;
With diff:
@@ +6,5 @@
 4. Return User Operations
 Please enter a number to select:
+1.asd
 
 Please enter the ID of the book you want to borrow: welcome to LoanManagement


[  FAILED  ] LibrarysystemTest.LoanManagementMenu_BorrowBook (50 ms)
[----------] 1 test from LibrarysystemTest (50 ms total)

[----------] Global test environment tear-down
[==========] 1 test from 1 test suite ran. (50 ms total)
[  PASSED  ] 0 tests.
[  FAILED  ] 1 test, listed below:
[  FAILED  ] LibrarysystemTest.LoanManagementMenu_BorrowBook

 1 FAILED TEST
</pre>
                        </div>
                        
                        
                    </div>
                
                </div>
            </div>
            
            <div class="testclass">
                <h4>LibrarysystemTest.LoanManagementMenu_default</h4>
                <div class="testcases">
                
                    <div class="test outcome outcome-passed">
                        <a id="0cb0d7ae-efae-4272-a26d-4d585c9e8a74"></a>
                        <table class="proplist">
                            <tr><th>Test case:</th><td><b>LibrarysystemTest.LoanManagementMenu_default</b></td></tr>
                            <tr><th>Outcome:</th><td>Passed</td></tr>
                            <tr><th>Duration:</th><td>0.05 sec</td></tr>
                        
                            <tr><th>Failed</th><td>None</td></tr>
                        
                        
                        </table>

                        
                        <pre>None</pre>
                        
                        

                        
                        
                        <div class="stdout"><i>Stdout</i><br>
                            <pre>Note: Google Test filter = LibrarysystemTest.LoanManagementMenu_default
[==========] Running 1 test from 1 test suite.
[----------] Global test environment set-up.
[----------] 1 test from LibrarysystemTest
[ RUN      ] LibrarysystemTest.LoanManagementMenu_default
[NON-XML-CHAR-0x1B][H[NON-XML-CHAR-0x1B][2J[NON-XML-CHAR-0x1B][3J[NON-XML-CHAR-0x1B][H[NON-XML-CHAR-0x1B][2J[NON-XML-CHAR-0x1B][3J[       OK ] LibrarysystemTest.LoanManagementMenu_default (24 ms)
[----------] 1 test from LibrarysystemTest (24 ms total)

[----------] Global test environment tear-down
[==========] 1 test from 1 test suite ran. (25 ms total)
[  PASSED  ] 1 test.
</pre>
                        </div>
                        
                        
                    </div>
                
                </div>
            </div>
            
            <div class="testclass">
                <h4>LibrarysystemTest.LoanManagementMenu_Infail</h4>
                <div class="testcases">
                
                    <div class="test outcome outcome-passed">
                        <a id="cb66d913-4d29-4671-91ba-484b60447cc4"></a>
                        <table class="proplist">
                            <tr><th>Test case:</th><td><b>LibrarysystemTest.LoanManagementMenu_Infail</b></td></tr>
                            <tr><th>Outcome:</th><td>Passed</td></tr>
                            <tr><th>Duration:</th><td>0.088 sec</td></tr>
                        
                            <tr><th>Failed</th><td>None</td></tr>
                        
                        
                        </table>

                        
                        <pre>None</pre>
                        
                        

                        
                        
                        <div class="stdout"><i>Stdout</i><br>
                            <pre>Note: Google Test filter = LibrarysystemTest.LoanManagementMenu_Infail
[==========] Running 1 test from 1 test suite.
[----------] Global test environment set-up.
[----------] 1 test from LibrarysystemTest
[ RUN      ] LibrarysystemTest.LoanManagementMenu_Infail
[NON-XML-CHAR-0x1B][H[NON-XML-CHAR-0x1B][2J[NON-XML-CHAR-0x1B][3J[NON-XML-CHAR-0x1B][H[NON-XML-CHAR-0x1B][2J[NON-XML-CHAR-0x1B][3J[       OK ] LibrarysystemTest.LoanManagementMenu_Infail (27 ms)
[----------] 1 test from LibrarysystemTest (27 ms total)

[----------] Global test environment tear-down
[==========] 1 test from 1 test suite ran. (27 ms total)
[  PASSED  ] 1 test.
</pre>
                        </div>
                        
                        
                    </div>
                
                </div>
            </div>
            
            <div class="testclass">
                <h4>LibrarysystemTest.LoanManagementMenu_ExitMenu</h4>
                <div class="testcases">
                
                    <div class="test outcome outcome-passed">
                        <a id="c27d0434-ea17-4797-acf0-4efa47e5edc4"></a>
                        <table class="proplist">
                            <tr><th>Test case:</th><td><b>LibrarysystemTest.LoanManagementMenu_ExitMenu</b></td></tr>
                            <tr><th>Outcome:</th><td>Passed</td></tr>
                            <tr><th>Duration:</th><td>0.058 sec</td></tr>
                        
                            <tr><th>Failed</th><td>None</td></tr>
                        
                        
                        </table>

                        
                        <pre>None</pre>
                        
                        

                        
                        
                        <div class="stdout"><i>Stdout</i><br>
                            <pre>Note: Google Test filter = LibrarysystemTest.LoanManagementMenu_ExitMenu
[==========] Running 1 test from 1 test suite.
[----------] Global test environment set-up.
[----------] 1 test from LibrarysystemTest
[ RUN      ] LibrarysystemTest.LoanManagementMenu_ExitMenu
[NON-XML-CHAR-0x1B][H[NON-XML-CHAR-0x1B][2J[NON-XML-CHAR-0x1B][3J[       OK ] LibrarysystemTest.LoanManagementMenu_ExitMenu (19 ms)
[----------] 1 test from LibrarysystemTest (19 ms total)

[----------] Global test environment tear-down
[==========] 1 test from 1 test suite ran. (23 ms total)
[  PASSED  ] 1 test.
</pre>
                        </div>
                        
                        
                    </div>
                
                </div>
            </div>
            
            <div class="testclass">
                <h4>LibrarysystemTest.wishListMenu_listWishlist</h4>
                <div class="testcases">
                
                    <div class="test outcome outcome-failed">
                        <a id="e62342c0-644c-4cab-b1d3-521603980799"></a>
                        <table class="proplist">
                            <tr><th>Test case:</th><td><b>LibrarysystemTest.wishListMenu_listWishlist</b></td></tr>
                            <tr><th>Outcome:</th><td>Failed</td></tr>
                            <tr><th>Duration:</th><td>0.069 sec</td></tr>
                        
                            <tr><th>Failed</th><td></td></tr>
                        
                        
                        </table>

                        
                        <pre>failed</pre>
                        
                        

                        
                        
                        <div class="stdout"><i>Stdout</i><br>
                            <pre>Note: Google Test filter = LibrarysystemTest.wishListMenu_listWishlist
[==========] Running 1 test from 1 test suite.
[----------] Global test environment set-up.
[----------] 1 test from LibrarysystemTest
[ RUN      ] LibrarysystemTest.wishListMenu_listWishlist
[NON-XML-CHAR-0x1B][H[NON-XML-CHAR-0x1B][2J[NON-XML-CHAR-0x1B][3J[NON-XML-CHAR-0x1B][H[NON-XML-CHAR-0x1B][2J[NON-XML-CHAR-0x1B][3J[NON-XML-CHAR-0x1B][H[NON-XML-CHAR-0x1B][2J[NON-XML-CHAR-0x1B][3J/mnt/c/Users/Yakup/Documents/GitHub/ForFinal/ce103-final-yakup-eroglu-hasan-basri-taskin-cpp/src/tests/librarysystem/librarysystem_test.cpp:278: Failure
Expected equality of these values:
  expectedOutput
    Which is: &#34;welcome to WishlistManageMenu\n\n1. View Wishlist\n2. Add To Wishlist\n3. Remove From Wishlist\n4. Return User Operations\nPlease enter a number to select:\nWishlist:\n1 2\n1 2\n\nPress Enter to exit.\nwelcome to WishlistManageMenu\n\n1. View Wishlist\n2. Add To Wishlist\n3. Remove From Wishlist\n4. Return User Operations\nPlease enter a number to select:\n&#34;
  out.str()
    Which is: &#34;welcome to WishlistManageMenu\n\n1. View Wishlist\n2. Add To Wishlist\n3. Remove From Wishlist\n4. Return User Operations\nPlease enter a number to select:\nwelcome to WishlistManageMenu\n\n1. View Wishlist\n2. Add To Wishlist\n3. Remove From Wishlist\n4. Return User Operations\nPlease enter a number to select:\n&#34;
With diff:
@@ -6,9 @@
 4. Return User Operations
 Please enter a number to select:
-Wishlist:
-1 2
-1 2
-
-Press Enter to exit.
 welcome to WishlistManageMenu
 


[  FAILED  ] LibrarysystemTest.wishListMenu_listWishlist (41 ms)
[----------] 1 test from LibrarysystemTest (41 ms total)

[----------] Global test environment tear-down
[==========] 1 test from 1 test suite ran. (41 ms total)
[  PASSED  ] 0 tests.
[  FAILED  ] 1 test, listed below:
[  FAILED  ] LibrarysystemTest.wishListMenu_listWishlist

 1 FAILED TEST
</pre>
                        </div>
                        
                        
                    </div>
                
                </div>
            </div>
            
            <div class="testclass">
                <h4>LibrarysystemTest.wishListMenu_addToWishlist</h4>
                <div class="testcases">
                
                    <div class="test outcome outcome-failed">
                        <a id="24d83408-fabe-45ba-b098-6bf6dabb8ff5"></a>
                        <table class="proplist">
                            <tr><th>Test case:</th><td><b>LibrarysystemTest.wishListMenu_addToWishlist</b></td></tr>
                            <tr><th>Outcome:</th><td>Failed</td></tr>
                            <tr><th>Duration:</th><td>0.076 sec</td></tr>
                        
                            <tr><th>Failed</th><td></td></tr>
                        
                        
                        </table>

                        
                        <pre>failed</pre>
                        
                        

                        
                        
                        <div class="stdout"><i>Stdout</i><br>
                            <pre>Note: Google Test filter = LibrarysystemTest.wishListMenu_addToWishlist
[==========] Running 1 test from 1 test suite.
[----------] Global test environment set-up.
[----------] 1 test from LibrarysystemTest
[ RUN      ] LibrarysystemTest.wishListMenu_addToWishlist
[NON-XML-CHAR-0x1B][H[NON-XML-CHAR-0x1B][2J[NON-XML-CHAR-0x1B][3J[NON-XML-CHAR-0x1B][H[NON-XML-CHAR-0x1B][2J[NON-XML-CHAR-0x1B][3J[NON-XML-CHAR-0x1B][H[NON-XML-CHAR-0x1B][2J[NON-XML-CHAR-0x1B][3J[NON-XML-CHAR-0x1B][H[NON-XML-CHAR-0x1B][2J[NON-XML-CHAR-0x1B][3J/mnt/c/Users/Yakup/Documents/GitHub/ForFinal/ce103-final-yakup-eroglu-hasan-basri-taskin-cpp/src/tests/librarysystem/librarysystem_test.cpp:286: Failure
Expected equality of these values:
  expectedOutput
    Which is: &#34;welcome to WishlistManageMenu\n\n1. View Wishlist\n2. Add To Wishlist\n3. Remove From Wishlist\n4. Return User Operations\nPlease enter a number to select:\nEnter the ID of the book to add to the wishlist: Book not found.\nwelcome to WishlistManageMenu\n\n1. View Wishlist\n2. Add To Wishlist\n3. Remove From Wishlist\n4. Return User Operations\nPlease enter a number to select:\n&#34;
  out.str()
    Which is: &#34;welcome to WishlistManageMenu\n\n1. View Wishlist\n2. Add To Wishlist\n3. Remove From Wishlist\n4. Return User Operations\nPlease enter a number to select:\nwelcome to WishlistManageMenu\n\n1. View Wishlist\n2. Add To Wishlist\n3. Remove From Wishlist\n4. Return User Operations\nPlease enter a number to select:\nInvalid option. Please try again.\nwelcome to WishlistManageMenu\n\n1. View Wishlist\n2. Add To Wishlist\n3. Remove From Wishlist\n4. Return User Operations\nPlease enter a number to select:\n&#34;
With diff:
@@ +1,9 @@
+welcome to WishlistManageMenu
+
+1. View Wishlist
+2. Add To Wishlist
+3. Remove From Wishlist
+4. Return User Operations
+Please enter a number to select:
 welcome to WishlistManageMenu
 
@@ -6,5 +13,5 @@
 4. Return User Operations
 Please enter a number to select:
-Enter the ID of the book to add to the wishlist: Book not found.
+Invalid option. Please try again.
 welcome to WishlistManageMenu
 


[  FAILED  ] LibrarysystemTest.wishListMenu_addToWishlist (58 ms)
[----------] 1 test from LibrarysystemTest (58 ms total)

[----------] Global test environment tear-down
[==========] 1 test from 1 test suite ran. (58 ms total)
[  PASSED  ] 0 tests.
[  FAILED  ] 1 test, listed below:
[  FAILED  ] LibrarysystemTest.wishListMenu_addToWishlist

 1 FAILED TEST
</pre>
                        </div>
                        
                        
                    </div>
                
                </div>
            </div>
            
            <div class="testclass">
                <h4>LibrarysystemTest.wishListMenu_RemoveFromWishlist</h4>
                <div class="testcases">
                
                    <div class="test outcome outcome-failed">
                        <a id="8278a226-fbfe-4803-99f4-58cf722fa308"></a>
                        <table class="proplist">
                            <tr><th>Test case:</th><td><b>LibrarysystemTest.wishListMenu_RemoveFromWishlist</b></td></tr>
                            <tr><th>Outcome:</th><td>Failed</td></tr>
                            <tr><th>Duration:</th><td>0.094 sec</td></tr>
                        
                            <tr><th>Failed</th><td></td></tr>
                        
                        
                        </table>

                        
                        <pre>failed</pre>
                        
                        

                        
                        
                        <div class="stdout"><i>Stdout</i><br>
                            <pre>Note: Google Test filter = LibrarysystemTest.wishListMenu_RemoveFromWishlist
[==========] Running 1 test from 1 test suite.
[----------] Global test environment set-up.
[----------] 1 test from LibrarysystemTest
[ RUN      ] LibrarysystemTest.wishListMenu_RemoveFromWishlist
[NON-XML-CHAR-0x1B][H[NON-XML-CHAR-0x1B][2J[NON-XML-CHAR-0x1B][3J[NON-XML-CHAR-0x1B][H[NON-XML-CHAR-0x1B][2J[NON-XML-CHAR-0x1B][3J[NON-XML-CHAR-0x1B][H[NON-XML-CHAR-0x1B][2J[NON-XML-CHAR-0x1B][3J[NON-XML-CHAR-0x1B][H[NON-XML-CHAR-0x1B][2J[NON-XML-CHAR-0x1B][3J/mnt/c/Users/Yakup/Documents/GitHub/ForFinal/ce103-final-yakup-eroglu-hasan-basri-taskin-cpp/src/tests/librarysystem/librarysystem_test.cpp:294: Failure
Expected equality of these values:
  expectedOutput
    Which is: &#34;welcome to WishlistManageMenu\n\n1. View Wishlist\n2. Add To Wishlist\n3. Remove From Wishlist\n4. Return User Operations\nPlease enter a number to select:\nWishlist:\nEnter the ID of the book to remove from the wishlist: Book not found.\nwelcome to WishlistManageMenu\n\n1. View Wishlist\n2. Add To Wishlist\n3. Remove From Wishlist\n4. Return User Operations\nPlease enter a number to select:\n&#34;
  out.str()
    Which is: &#34;welcome to WishlistManageMenu\n\n1. View Wishlist\n2. Add To Wishlist\n3. Remove From Wishlist\n4. Return User Operations\nPlease enter a number to select:\nwelcome to WishlistManageMenu\n\n1. View Wishlist\n2. Add To Wishlist\n3. Remove From Wishlist\n4. Return User Operations\nPlease enter a number to select:\nInvalid option. Please try again.\nwelcome to WishlistManageMenu\n\n1. View Wishlist\n2. Add To Wishlist\n3. Remove From Wishlist\n4. Return User Operations\nPlease enter a number to select:\n&#34;
With diff:
@@ -6,6 +6,12 @@
 4. Return User Operations
 Please enter a number to select:
-Wishlist:
-Enter the ID of the book to remove from the wishlist: Book not found.
+welcome to WishlistManageMenu
+
+1. View Wishlist
+2. Add To Wishlist
+3. Remove From Wishlist
+4. Return User Operations
+Please enter a number to select:
+Invalid option. Please try again.
 welcome to WishlistManageMenu
 


[  FAILED  ] LibrarysystemTest.wishListMenu_RemoveFromWishlist (50 ms)
[----------] 1 test from LibrarysystemTest (50 ms total)

[----------] Global test environment tear-down
[==========] 1 test from 1 test suite ran. (50 ms total)
[  PASSED  ] 0 tests.
[  FAILED  ] 1 test, listed below:
[  FAILED  ] LibrarysystemTest.wishListMenu_RemoveFromWishlist

 1 FAILED TEST
libgcov profiling error:/mnt/c/Users/Yakup/Documents/GitHub/ForFinal/ce103-final-yakup-eroglu-hasan-basri-taskin-cpp/build_linux/src/tests/librarysystem/CMakeFiles/librarysystem_tests.dir/librarysystem_test.cpp.gcda:Merge mismatch for function 93
</pre>
                        </div>
                        
                        
                    </div>
                
                </div>
            </div>
            
            <div class="testclass">
                <h4>LibrarysystemTest.wishListMenu_RemoveFromWishlistfoundtrue</h4>
                <div class="testcases">
                
                    <div class="test outcome outcome-failed">
                        <a id="443e3204-1412-4486-ad93-7df2ffdb0110"></a>
                        <table class="proplist">
                            <tr><th>Test case:</th><td><b>LibrarysystemTest.wishListMenu_RemoveFromWishlistfoundtrue</b></td></tr>
                            <tr><th>Outcome:</th><td>Failed</td></tr>
                            <tr><th>Duration:</th><td>0.104 sec</td></tr>
                        
                            <tr><th>Failed</th><td></td></tr>
                        
                        
                        </table>

                        
                        <pre>failed</pre>
                        
                        

                        
                        
                        <div class="stdout"><i>Stdout</i><br>
                            <pre>Note: Google Test filter = LibrarysystemTest.wishListMenu_RemoveFromWishlistfoundtrue
[==========] Running 1 test from 1 test suite.
[----------] Global test environment set-up.
[----------] 1 test from LibrarysystemTest
[ RUN      ] LibrarysystemTest.wishListMenu_RemoveFromWishlistfoundtrue
[NON-XML-CHAR-0x1B][H[NON-XML-CHAR-0x1B][2J[NON-XML-CHAR-0x1B][3J[NON-XML-CHAR-0x1B][H[NON-XML-CHAR-0x1B][2J[NON-XML-CHAR-0x1B][3J[NON-XML-CHAR-0x1B][H[NON-XML-CHAR-0x1B][2J[NON-XML-CHAR-0x1B][3J[NON-XML-CHAR-0x1B][H[NON-XML-CHAR-0x1B][2J[NON-XML-CHAR-0x1B][3J[NON-XML-CHAR-0x1B][H[NON-XML-CHAR-0x1B][2J[NON-XML-CHAR-0x1B][3J/mnt/c/Users/Yakup/Documents/GitHub/ForFinal/ce103-final-yakup-eroglu-hasan-basri-taskin-cpp/src/tests/librarysystem/librarysystem_test.cpp:302: Failure
Expected equality of these values:
  expectedOutput
    Which is: &#34;welcome to WishlistManageMenu\n\n1. View Wishlist\n2. Add To Wishlist\n3. Remove From Wishlist\n4. Return User Operations\nPlease enter a number to select:\nWishlist:\n1 2\n1 2\nEnter the ID of the book to remove from the wishlist: Book not found.\nwelcome to WishlistManageMenu\n\n1. View Wishlist\n2. Add To Wishlist\n3. Remove From Wishlist\n4. Return User Operations\nPlease enter a number to select:\n&#34;
  out.str()
    Which is: &#34;welcome to WishlistManageMenu\n\n1. View Wishlist\n2. Add To Wishlist\n3. Remove From Wishlist\n4. Return User Operations\nPlease enter a number to select:\nwelcome to WishlistManageMenu\n\n1. View Wishlist\n2. Add To Wishlist\n3. Remove From Wishlist\n4. Return User Operations\nPlease enter a number to select:\nwelcome to WishlistManageMenu\n\n1. View Wishlist\n2. Add To Wishlist\n3. Remove From Wishlist\n4. Return User Operations\nPlease enter a number to select:\n&#34;
With diff:
@@ -6,8 +6,11 @@
 4. Return User Operations
 Please enter a number to select:
-Wishlist:
-1 2
-1 2
-Enter the ID of the book to remove from the wishlist: Book not found.
+welcome to WishlistManageMenu
+
+1. View Wishlist
+2. Add To Wishlist
+3. Remove From Wishlist
+4. Return User Operations
+Please enter a number to select:
 welcome to WishlistManageMenu
 


[  FAILED  ] LibrarysystemTest.wishListMenu_RemoveFromWishlistfoundtrue (70 ms)
[----------] 1 test from LibrarysystemTest (70 ms total)

[----------] Global test environment tear-down
[==========] 1 test from 1 test suite ran. (71 ms total)
[  PASSED  ] 0 tests.
[  FAILED  ] 1 test, listed below:
[  FAILED  ] LibrarysystemTest.wishListMenu_RemoveFromWishlistfoundtrue

 1 FAILED TEST
</pre>
                        </div>
                        
                        
                    </div>
                
                </div>
            </div>
            
            <div class="testclass">
                <h4>LibrarysystemTest.wishListMenu_InvalidInput</h4>
                <div class="testcases">
                
                    <div class="test outcome outcome-passed">
                        <a id="7b80a931-e559-4219-965b-661105bd510d"></a>
                        <table class="proplist">
                            <tr><th>Test case:</th><td><b>LibrarysystemTest.wishListMenu_InvalidInput</b></td></tr>
                            <tr><th>Outcome:</th><td>Passed</td></tr>
                            <tr><th>Duration:</th><td>0.078 sec</td></tr>
                        
                            <tr><th>Failed</th><td>None</td></tr>
                        
                        
                        </table>

                        
                        <pre>None</pre>
                        
                        

                        
                        
                        <div class="stdout"><i>Stdout</i><br>
                            <pre>Note: Google Test filter = LibrarysystemTest.wishListMenu_InvalidInput
[==========] Running 1 test from 1 test suite.
[----------] Global test environment set-up.
[----------] 1 test from LibrarysystemTest
[ RUN      ] LibrarysystemTest.wishListMenu_InvalidInput
[NON-XML-CHAR-0x1B][H[NON-XML-CHAR-0x1B][2J[NON-XML-CHAR-0x1B][3J[NON-XML-CHAR-0x1B][H[NON-XML-CHAR-0x1B][2J[NON-XML-CHAR-0x1B][3J[       OK ] LibrarysystemTest.wishListMenu_InvalidInput (23 ms)
[----------] 1 test from LibrarysystemTest (23 ms total)

[----------] Global test environment tear-down
[==========] 1 test from 1 test suite ran. (23 ms total)
[  PASSED  ] 1 test.
</pre>
                        </div>
                        
                        
                    </div>
                
                </div>
            </div>
            
            <div class="testclass">
                <h4>LibrarysystemTest.wishListMenu_Infail</h4>
                <div class="testcases">
                
                    <div class="test outcome outcome-passed">
                        <a id="807997bd-9108-4b16-8316-7edd5027f30e"></a>
                        <table class="proplist">
                            <tr><th>Test case:</th><td><b>LibrarysystemTest.wishListMenu_Infail</b></td></tr>
                            <tr><th>Outcome:</th><td>Passed</td></tr>
                            <tr><th>Duration:</th><td>0.063 sec</td></tr>
                        
                            <tr><th>Failed</th><td>None</td></tr>
                        
                        
                        </table>

                        
                        <pre>None</pre>
                        
                        

                        
                        
                        <div class="stdout"><i>Stdout</i><br>
                            <pre>Note: Google Test filter = LibrarysystemTest.wishListMenu_Infail
[==========] Running 1 test from 1 test suite.
[----------] Global test environment set-up.
[----------] 1 test from LibrarysystemTest
[ RUN      ] LibrarysystemTest.wishListMenu_Infail
[NON-XML-CHAR-0x1B][H[NON-XML-CHAR-0x1B][2J[NON-XML-CHAR-0x1B][3J[NON-XML-CHAR-0x1B][H[NON-XML-CHAR-0x1B][2J[NON-XML-CHAR-0x1B][3J[       OK ] LibrarysystemTest.wishListMenu_Infail (24 ms)
[----------] 1 test from LibrarysystemTest (24 ms total)

[----------] Global test environment tear-down
[==========] 1 test from 1 test suite ran. (25 ms total)
[  PASSED  ] 1 test.
</pre>
                        </div>
                        
                        
                    </div>
                
                </div>
            </div>
            
            <div class="testclass">
                <h4>LibrarysystemTest.readingTrackerMenu_logProgress</h4>
                <div class="testcases">
                
                    <div class="test outcome outcome-failed">
                        <a id="33c2f1aa-2c81-4a33-b649-6851314e3085"></a>
                        <table class="proplist">
                            <tr><th>Test case:</th><td><b>LibrarysystemTest.readingTrackerMenu_logProgress</b></td></tr>
                            <tr><th>Outcome:</th><td>Failed</td></tr>
                            <tr><th>Duration:</th><td>0.072 sec</td></tr>
                        
                            <tr><th>Failed</th><td></td></tr>
                        
                        
                        </table>

                        
                        <pre>failed</pre>
                        
                        

                        
                        
                        <div class="stdout"><i>Stdout</i><br>
                            <pre>Note: Google Test filter = LibrarysystemTest.readingTrackerMenu_logProgress
[==========] Running 1 test from 1 test suite.
[----------] Global test environment set-up.
[----------] 1 test from LibrarysystemTest
[ RUN      ] LibrarysystemTest.readingTrackerMenu_logProgress
[NON-XML-CHAR-0x1B][H[NON-XML-CHAR-0x1B][2J[NON-XML-CHAR-0x1B][3J[NON-XML-CHAR-0x1B][H[NON-XML-CHAR-0x1B][2J[NON-XML-CHAR-0x1B][3J[NON-XML-CHAR-0x1B][H[NON-XML-CHAR-0x1B][2J[NON-XML-CHAR-0x1B][3J/mnt/c/Users/Yakup/Documents/GitHub/ForFinal/ce103-final-yakup-eroglu-hasan-basri-taskin-cpp/src/tests/librarysystem/librarysystem_test.cpp:326: Failure
Expected equality of these values:
  expectedOutput
    Which is: &#34;welcome to ReadingTrackerMenu\n\n1. Log Progress\n2. Mark As Read\n3. View History\n4. Return User Operations\nPlease enter a number to select:\nThere are no books.\n\nPress any key to continuewelcome to ReadingTrackerMenu\n\n1. Log Progress\n2. Mark As Read\n3. View History\n4. Return User Operations\nPlease enter a number to select:\n&#34;
  out.str()
    Which is: &#34;welcome to ReadingTrackerMenu\n\n1. Log Progress\n2. Mark As Read\n3. View History\n4. Return User Operations\nPlease enter a number to select:\n1. 2 (Unread)\n\nPress any key to continuewelcome to ReadingTrackerMenu\n\n1. Log Progress\n2. Mark As Read\n3. View History\n4. Return User Operations\nPlease enter a number to select:\n&#34;
With diff:
@@ -6,5 +6,5 @@
 4. Return User Operations
 Please enter a number to select:
-There are no books.
+1. 2 (Unread)
 
 Press any key to continuewelcome to ReadingTrackerMenu


[  FAILED  ] LibrarysystemTest.readingTrackerMenu_logProgress (53 ms)
[----------] 1 test from LibrarysystemTest (53 ms total)

[----------] Global test environment tear-down
[==========] 1 test from 1 test suite ran. (54 ms total)
[  PASSED  ] 0 tests.
[  FAILED  ] 1 test, listed below:
[  FAILED  ] LibrarysystemTest.readingTrackerMenu_logProgress

 1 FAILED TEST
</pre>
                        </div>
                        
                        
                    </div>
                
                </div>
            </div>
            
            <div class="testclass">
                <h4>LibrarysystemTest.readingTrackerMenu_MarkAsRead</h4>
                <div class="testcases">
                
                    <div class="test outcome outcome-passed">
                        <a id="9deede7b-74af-4b54-91ef-4ad4a537926b"></a>
                        <table class="proplist">
                            <tr><th>Test case:</th><td><b>LibrarysystemTest.readingTrackerMenu_MarkAsRead</b></td></tr>
                            <tr><th>Outcome:</th><td>Passed</td></tr>
                            <tr><th>Duration:</th><td>0.121 sec</td></tr>
                        
                            <tr><th>Failed</th><td>None</td></tr>
                        
                        
                        </table>

                        
                        <pre>None</pre>
                        
                        

                        
                        
                        <div class="stdout"><i>Stdout</i><br>
                            <pre>Note: Google Test filter = LibrarysystemTest.readingTrackerMenu_MarkAsRead
[==========] Running 1 test from 1 test suite.
[----------] Global test environment set-up.
[----------] 1 test from LibrarysystemTest
[ RUN      ] LibrarysystemTest.readingTrackerMenu_MarkAsRead
[NON-XML-CHAR-0x1B][H[NON-XML-CHAR-0x1B][2J[NON-XML-CHAR-0x1B][3J[NON-XML-CHAR-0x1B][H[NON-XML-CHAR-0x1B][2J[NON-XML-CHAR-0x1B][3J[NON-XML-CHAR-0x1B][H[NON-XML-CHAR-0x1B][2J[NON-XML-CHAR-0x1B][3J[NON-XML-CHAR-0x1B][H[NON-XML-CHAR-0x1B][2J[NON-XML-CHAR-0x1B][3J[NON-XML-CHAR-0x1B][H[NON-XML-CHAR-0x1B][2J[NON-XML-CHAR-0x1B][3J[       OK ] LibrarysystemTest.readingTrackerMenu_MarkAsRead (73 ms)
[----------] 1 test from LibrarysystemTest (73 ms total)

[----------] Global test environment tear-down
[==========] 1 test from 1 test suite ran. (73 ms total)
[  PASSED  ] 1 test.
</pre>
                        </div>
                        
                        
                    </div>
                
                </div>
            </div>
            
            <div class="testclass">
                <h4>LibrarysystemTest.readingTrackerMenu_ViewHistory</h4>
                <div class="testcases">
                
                    <div class="test outcome outcome-passed">
                        <a id="f745e6f8-b2ba-45ae-9581-cdcc3ef81045"></a>
                        <table class="proplist">
                            <tr><th>Test case:</th><td><b>LibrarysystemTest.readingTrackerMenu_ViewHistory</b></td></tr>
                            <tr><th>Outcome:</th><td>Passed</td></tr>
                            <tr><th>Duration:</th><td>0.076 sec</td></tr>
                        
                            <tr><th>Failed</th><td>None</td></tr>
                        
                        
                        </table>

                        
                        <pre>None</pre>
                        
                        

                        
                        
                        <div class="stdout"><i>Stdout</i><br>
                            <pre>Note: Google Test filter = LibrarysystemTest.readingTrackerMenu_ViewHistory
[==========] Running 1 test from 1 test suite.
[----------] Global test environment set-up.
[----------] 1 test from LibrarysystemTest
[ RUN      ] LibrarysystemTest.readingTrackerMenu_ViewHistory
[NON-XML-CHAR-0x1B][H[NON-XML-CHAR-0x1B][2J[NON-XML-CHAR-0x1B][3J[NON-XML-CHAR-0x1B][H[NON-XML-CHAR-0x1B][2J[NON-XML-CHAR-0x1B][3J[NON-XML-CHAR-0x1B][H[NON-XML-CHAR-0x1B][2J[NON-XML-CHAR-0x1B][3J[       OK ] LibrarysystemTest.readingTrackerMenu_ViewHistory (49 ms)
[----------] 1 test from LibrarysystemTest (49 ms total)

[----------] Global test environment tear-down
[==========] 1 test from 1 test suite ran. (49 ms total)
[  PASSED  ] 1 test.
</pre>
                        </div>
                        
                        
                    </div>
                
                </div>
            </div>
            
            <div class="testclass">
                <h4>LibrarysystemTest.readingTrackerMenu_Infail</h4>
                <div class="testcases">
                
                    <div class="test outcome outcome-passed">
                        <a id="944ad009-9cd7-4411-8dce-76affb950f7f"></a>
                        <table class="proplist">
                            <tr><th>Test case:</th><td><b>LibrarysystemTest.readingTrackerMenu_Infail</b></td></tr>
                            <tr><th>Outcome:</th><td>Passed</td></tr>
                            <tr><th>Duration:</th><td>0.075 sec</td></tr>
                        
                            <tr><th>Failed</th><td>None</td></tr>
                        
                        
                        </table>

                        
                        <pre>None</pre>
                        
                        

                        
                        
                        <div class="stdout"><i>Stdout</i><br>
                            <pre>Note: Google Test filter = LibrarysystemTest.readingTrackerMenu_Infail
[==========] Running 1 test from 1 test suite.
[----------] Global test environment set-up.
[----------] 1 test from LibrarysystemTest
[ RUN      ] LibrarysystemTest.readingTrackerMenu_Infail
[NON-XML-CHAR-0x1B][H[NON-XML-CHAR-0x1B][2J[NON-XML-CHAR-0x1B][3J[NON-XML-CHAR-0x1B][H[NON-XML-CHAR-0x1B][2J[NON-XML-CHAR-0x1B][3J[       OK ] LibrarysystemTest.readingTrackerMenu_Infail (22 ms)
[----------] 1 test from LibrarysystemTest (22 ms total)

[----------] Global test environment tear-down
[==========] 1 test from 1 test suite ran. (22 ms total)
[  PASSED  ] 1 test.
</pre>
                        </div>
                        
                        
                    </div>
                
                </div>
            </div>
            
            <div class="testclass">
                <h4>LibrarysystemTest.MainMenu_RegisterUser</h4>
                <div class="testcases">
                
                    <div class="test outcome outcome-passed">
                        <a id="2c46e15c-7051-425c-b23e-4724d12dfa04"></a>
                        <table class="proplist">
                            <tr><th>Test case:</th><td><b>LibrarysystemTest.MainMenu_RegisterUser</b></td></tr>
                            <tr><th>Outcome:</th><td>Passed</td></tr>
                            <tr><th>Duration:</th><td>0.08 sec</td></tr>
                        
                            <tr><th>Failed</th><td>None</td></tr>
                        
                        
                        </table>

                        
                        <pre>None</pre>
                        
                        

                        
                        
                        <div class="stdout"><i>Stdout</i><br>
                            <pre>Note: Google Test filter = LibrarysystemTest.MainMenu_RegisterUser
[==========] Running 1 test from 1 test suite.
[----------] Global test environment set-up.
[----------] 1 test from LibrarysystemTest
[ RUN      ] LibrarysystemTest.MainMenu_RegisterUser
[NON-XML-CHAR-0x1B][H[NON-XML-CHAR-0x1B][2J[NON-XML-CHAR-0x1B][3J[NON-XML-CHAR-0x1B][H[NON-XML-CHAR-0x1B][2J[NON-XML-CHAR-0x1B][3J[NON-XML-CHAR-0x1B][H[NON-XML-CHAR-0x1B][2J[NON-XML-CHAR-0x1B][3J[NON-XML-CHAR-0x1B][H[NON-XML-CHAR-0x1B][2J[NON-XML-CHAR-0x1B][3J[       OK ] LibrarysystemTest.MainMenu_RegisterUser (52 ms)
[----------] 1 test from LibrarysystemTest (52 ms total)

[----------] Global test environment tear-down
[==========] 1 test from 1 test suite ran. (53 ms total)
[  PASSED  ] 1 test.
</pre>
                        </div>
                        
                        
                    </div>
                
                </div>
            </div>
            
            <div class="testclass">
                <h4>LibrarysystemTest.MainMenu_LoginUser</h4>
                <div class="testcases">
                
                    <div class="test outcome outcome-passed">
                        <a id="02f4bc8e-25b2-49d4-bc78-d6584e972218"></a>
                        <table class="proplist">
                            <tr><th>Test case:</th><td><b>LibrarysystemTest.MainMenu_LoginUser</b></td></tr>
                            <tr><th>Outcome:</th><td>Passed</td></tr>
                            <tr><th>Duration:</th><td>0.116 sec</td></tr>
                        
                            <tr><th>Failed</th><td>None</td></tr>
                        
                        
                        </table>

                        
                        <pre>None</pre>
                        
                        

                        
                        
                        <div class="stdout"><i>Stdout</i><br>
                            <pre>Note: Google Test filter = LibrarysystemTest.MainMenu_LoginUser
[==========] Running 1 test from 1 test suite.
[----------] Global test environment set-up.
[----------] 1 test from LibrarysystemTest
[ RUN      ] LibrarysystemTest.MainMenu_LoginUser
[NON-XML-CHAR-0x1B][H[NON-XML-CHAR-0x1B][2J[NON-XML-CHAR-0x1B][3J[NON-XML-CHAR-0x1B][H[NON-XML-CHAR-0x1B][2J[NON-XML-CHAR-0x1B][3J[NON-XML-CHAR-0x1B][H[NON-XML-CHAR-0x1B][2J[NON-XML-CHAR-0x1B][3J[NON-XML-CHAR-0x1B][H[NON-XML-CHAR-0x1B][2J[NON-XML-CHAR-0x1B][3J[NON-XML-CHAR-0x1B][H[NON-XML-CHAR-0x1B][2J[NON-XML-CHAR-0x1B][3J[NON-XML-CHAR-0x1B][H[NON-XML-CHAR-0x1B][2J[NON-XML-CHAR-0x1B][3J[       OK ] LibrarysystemTest.MainMenu_LoginUser (75 ms)
[----------] 1 test from LibrarysystemTest (75 ms total)

[----------] Global test environment tear-down
[==========] 1 test from 1 test suite ran. (76 ms total)
[  PASSED  ] 1 test.
</pre>
                        </div>
                        
                        
                    </div>
                
                </div>
            </div>
            
            <div class="testclass">
                <h4>LibrarysystemTest.MainMenu_LoginUserFail</h4>
                <div class="testcases">
                
                    <div class="test outcome outcome-passed">
                        <a id="08829228-c1cb-4f0c-99bf-fe2b7e381d48"></a>
                        <table class="proplist">
                            <tr><th>Test case:</th><td><b>LibrarysystemTest.MainMenu_LoginUserFail</b></td></tr>
                            <tr><th>Outcome:</th><td>Passed</td></tr>
                            <tr><th>Duration:</th><td>0.091 sec</td></tr>
                        
                            <tr><th>Failed</th><td>None</td></tr>
                        
                        
                        </table>

                        
                        <pre>None</pre>
                        
                        

                        
                        
                        <div class="stdout"><i>Stdout</i><br>
                            <pre>Note: Google Test filter = LibrarysystemTest.MainMenu_LoginUserFail
[==========] Running 1 test from 1 test suite.
[----------] Global test environment set-up.
[----------] 1 test from LibrarysystemTest
[ RUN      ] LibrarysystemTest.MainMenu_LoginUserFail
[NON-XML-CHAR-0x1B][H[NON-XML-CHAR-0x1B][2J[NON-XML-CHAR-0x1B][3J[NON-XML-CHAR-0x1B][H[NON-XML-CHAR-0x1B][2J[NON-XML-CHAR-0x1B][3J[NON-XML-CHAR-0x1B][H[NON-XML-CHAR-0x1B][2J[NON-XML-CHAR-0x1B][3J[NON-XML-CHAR-0x1B][H[NON-XML-CHAR-0x1B][2J[NON-XML-CHAR-0x1B][3J[NON-XML-CHAR-0x1B][H[NON-XML-CHAR-0x1B][2J[NON-XML-CHAR-0x1B][3J[       OK ] LibrarysystemTest.MainMenu_LoginUserFail (61 ms)
[----------] 1 test from LibrarysystemTest (61 ms total)

[----------] Global test environment tear-down
[==========] 1 test from 1 test suite ran. (61 ms total)
[  PASSED  ] 1 test.
</pre>
                        </div>
                        
                        
                    </div>
                
                </div>
            </div>
            
            <div class="testclass">
                <h4>LibrarysystemTest.MainMenu_GuestOperation</h4>
                <div class="testcases">
                
                    <div class="test outcome outcome-passed">
                        <a id="9273843a-38ae-4dce-a155-ef1f6baf5616"></a>
                        <table class="proplist">
                            <tr><th>Test case:</th><td><b>LibrarysystemTest.MainMenu_GuestOperation</b></td></tr>
                            <tr><th>Outcome:</th><td>Passed</td></tr>
                            <tr><th>Duration:</th><td>0.126 sec</td></tr>
                        
                            <tr><th>Failed</th><td>None</td></tr>
                        
                        
                        </table>

                        
                        <pre>None</pre>
                        
                        

                        
                        
                        <div class="stdout"><i>Stdout</i><br>
                            <pre>Note: Google Test filter = LibrarysystemTest.MainMenu_GuestOperation
[==========] Running 1 test from 1 test suite.
[----------] Global test environment set-up.
[----------] 1 test from LibrarysystemTest
[ RUN      ] LibrarysystemTest.MainMenu_GuestOperation
[NON-XML-CHAR-0x1B][H[NON-XML-CHAR-0x1B][2J[NON-XML-CHAR-0x1B][3J[NON-XML-CHAR-0x1B][H[NON-XML-CHAR-0x1B][2J[NON-XML-CHAR-0x1B][3J[NON-XML-CHAR-0x1B][H[NON-XML-CHAR-0x1B][2J[NON-XML-CHAR-0x1B][3J[NON-XML-CHAR-0x1B][H[NON-XML-CHAR-0x1B][2J[NON-XML-CHAR-0x1B][3J[NON-XML-CHAR-0x1B][H[NON-XML-CHAR-0x1B][2J[NON-XML-CHAR-0x1B][3J[NON-XML-CHAR-0x1B][H[NON-XML-CHAR-0x1B][2J[NON-XML-CHAR-0x1B][3J[NON-XML-CHAR-0x1B][H[NON-XML-CHAR-0x1B][2J[NON-XML-CHAR-0x1B][3J[NON-XML-CHAR-0x1B][H[NON-XML-CHAR-0x1B][2J[NON-XML-CHAR-0x1B][3J[       OK ] LibrarysystemTest.MainMenu_GuestOperation (101 ms)
[----------] 1 test from LibrarysystemTest (101 ms total)

[----------] Global test environment tear-down
[==========] 1 test from 1 test suite ran. (102 ms total)
[  PASSED  ] 1 test.
</pre>
                        </div>
                        
                        
                    </div>
                
                </div>
            </div>
            
            <div class="testclass">
                <h4>LibrarysystemTest.MainMenu_ExitProgram</h4>
                <div class="testcases">
                
                    <div class="test outcome outcome-passed">
                        <a id="2a4b2a73-02eb-4c5d-8ac6-a1d460432b82"></a>
                        <table class="proplist">
                            <tr><th>Test case:</th><td><b>LibrarysystemTest.MainMenu_ExitProgram</b></td></tr>
                            <tr><th>Outcome:</th><td>Passed</td></tr>
                            <tr><th>Duration:</th><td>0.083 sec</td></tr>
                        
                            <tr><th>Failed</th><td>None</td></tr>
                        
                        
                        </table>

                        
                        <pre>None</pre>
                        
                        

                        
                        
                        <div class="stdout"><i>Stdout</i><br>
                            <pre>Note: Google Test filter = LibrarysystemTest.MainMenu_ExitProgram
[==========] Running 1 test from 1 test suite.
[----------] Global test environment set-up.
[----------] 1 test from LibrarysystemTest
[ RUN      ] LibrarysystemTest.MainMenu_ExitProgram
[NON-XML-CHAR-0x1B][H[NON-XML-CHAR-0x1B][2J[NON-XML-CHAR-0x1B][3J[NON-XML-CHAR-0x1B][H[NON-XML-CHAR-0x1B][2J[NON-XML-CHAR-0x1B][3J[       OK ] LibrarysystemTest.MainMenu_ExitProgram (20 ms)
[----------] 1 test from LibrarysystemTest (20 ms total)

[----------] Global test environment tear-down
[==========] 1 test from 1 test suite ran. (20 ms total)
[  PASSED  ] 1 test.
</pre>
                        </div>
                        
                        
                    </div>
                
                </div>
            </div>
            
            <div class="testclass">
                <h4>LibrarysystemTest.MainMenu_InvalidChoice</h4>
                <div class="testcases">
                
                    <div class="test outcome outcome-passed">
                        <a id="56c3d70e-97e0-4677-b555-d0498f6d7b54"></a>
                        <table class="proplist">
                            <tr><th>Test case:</th><td><b>LibrarysystemTest.MainMenu_InvalidChoice</b></td></tr>
                            <tr><th>Outcome:</th><td>Passed</td></tr>
                            <tr><th>Duration:</th><td>0.077 sec</td></tr>
                        
                            <tr><th>Failed</th><td>None</td></tr>
                        
                        
                        </table>

                        
                        <pre>None</pre>
                        
                        

                        
                        
                        <div class="stdout"><i>Stdout</i><br>
                            <pre>Note: Google Test filter = LibrarysystemTest.MainMenu_InvalidChoice
[==========] Running 1 test from 1 test suite.
[----------] Global test environment set-up.
[----------] 1 test from LibrarysystemTest
[ RUN      ] LibrarysystemTest.MainMenu_InvalidChoice
[NON-XML-CHAR-0x1B][H[NON-XML-CHAR-0x1B][2J[NON-XML-CHAR-0x1B][3J[NON-XML-CHAR-0x1B][H[NON-XML-CHAR-0x1B][2J[NON-XML-CHAR-0x1B][3J[NON-XML-CHAR-0x1B][H[NON-XML-CHAR-0x1B][2J[NON-XML-CHAR-0x1B][3J[       OK ] LibrarysystemTest.MainMenu_InvalidChoice (44 ms)
[----------] 1 test from LibrarysystemTest (44 ms total)

[----------] Global test environment tear-down
[==========] 1 test from 1 test suite ran. (44 ms total)
[  PASSED  ] 1 test.
</pre>
                        </div>
                        
                        
                    </div>
                
                </div>
            </div>
            
            <div class="testclass">
                <h4>LibrarysystemTest.MainMenu_Infail</h4>
                <div class="testcases">
                
                    <div class="test outcome outcome-passed">
                        <a id="b7ee3ad6-7265-4d4f-9a0e-d7feb8a948fc"></a>
                        <table class="proplist">
                            <tr><th>Test case:</th><td><b>LibrarysystemTest.MainMenu_Infail</b></td></tr>
                            <tr><th>Outcome:</th><td>Passed</td></tr>
                            <tr><th>Duration:</th><td>0.089 sec</td></tr>
                        
                            <tr><th>Failed</th><td>None</td></tr>
                        
                        
                        </table>

                        
                        <pre>None</pre>
                        
                        

                        
                        
                        <div class="stdout"><i>Stdout</i><br>
                            <pre>Note: Google Test filter = LibrarysystemTest.MainMenu_Infail
[==========] Running 1 test from 1 test suite.
[----------] Global test environment set-up.
[----------] 1 test from LibrarysystemTest
[ RUN      ] LibrarysystemTest.MainMenu_Infail
[NON-XML-CHAR-0x1B][H[NON-XML-CHAR-0x1B][2J[NON-XML-CHAR-0x1B][3J[NON-XML-CHAR-0x1B][H[NON-XML-CHAR-0x1B][2J[NON-XML-CHAR-0x1B][3J[NON-XML-CHAR-0x1B][H[NON-XML-CHAR-0x1B][2J[NON-XML-CHAR-0x1B][3J[       OK ] LibrarysystemTest.MainMenu_Infail (37 ms)
[----------] 1 test from LibrarysystemTest (37 ms total)

[----------] Global test environment tear-down
[==========] 1 test from 1 test suite ran. (37 ms total)
[  PASSED  ] 1 test.
</pre>
                        </div>
                        
                        
                    </div>
                
                </div>
            </div>
            
            <div class="testclass">
                <h4>LibrarysystemTest.GuestOperation_ReturnToMainMenu</h4>
                <div class="testcases">
                
                    <div class="test outcome outcome-passed">
                        <a id="3339da5a-4d07-4f2e-865d-7f99a1a1f035"></a>
                        <table class="proplist">
                            <tr><th>Test case:</th><td><b>LibrarysystemTest.GuestOperation_ReturnToMainMenu</b></td></tr>
                            <tr><th>Outcome:</th><td>Passed</td></tr>
                            <tr><th>Duration:</th><td>0.053 sec</td></tr>
                        
                            <tr><th>Failed</th><td>None</td></tr>
                        
                        
                        </table>

                        
                        <pre>None</pre>
                        
                        

                        
                        
                        <div class="stdout"><i>Stdout</i><br>
                            <pre>Note: Google Test filter = LibrarysystemTest.GuestOperation_ReturnToMainMenu
[==========] Running 1 test from 1 test suite.
[----------] Global test environment set-up.
[----------] 1 test from LibrarysystemTest
[ RUN      ] LibrarysystemTest.GuestOperation_ReturnToMainMenu
[NON-XML-CHAR-0x1B][H[NON-XML-CHAR-0x1B][2J[NON-XML-CHAR-0x1B][3J[       OK ] LibrarysystemTest.GuestOperation_ReturnToMainMenu (14 ms)
[----------] 1 test from LibrarysystemTest (14 ms total)

[----------] Global test environment tear-down
[==========] 1 test from 1 test suite ran. (14 ms total)
[  PASSED  ] 1 test.
</pre>
                        </div>
                        
                        
                    </div>
                
                </div>
            </div>
            
            <div class="testclass">
                <h4>LibrarysystemTest.GuestOperation_InvalidChoice</h4>
                <div class="testcases">
                
                    <div class="test outcome outcome-passed">
                        <a id="b3aaa1de-4add-4151-9cc6-906709bcc605"></a>
                        <table class="proplist">
                            <tr><th>Test case:</th><td><b>LibrarysystemTest.GuestOperation_InvalidChoice</b></td></tr>
                            <tr><th>Outcome:</th><td>Passed</td></tr>
                            <tr><th>Duration:</th><td>0.074 sec</td></tr>
                        
                            <tr><th>Failed</th><td>None</td></tr>
                        
                        
                        </table>

                        
                        <pre>None</pre>
                        
                        

                        
                        
                        <div class="stdout"><i>Stdout</i><br>
                            <pre>Note: Google Test filter = LibrarysystemTest.GuestOperation_InvalidChoice
[==========] Running 1 test from 1 test suite.
[----------] Global test environment set-up.
[----------] 1 test from LibrarysystemTest
[ RUN      ] LibrarysystemTest.GuestOperation_InvalidChoice
[NON-XML-CHAR-0x1B][H[NON-XML-CHAR-0x1B][2J[NON-XML-CHAR-0x1B][3J[NON-XML-CHAR-0x1B][H[NON-XML-CHAR-0x1B][2J[NON-XML-CHAR-0x1B][3J[       OK ] LibrarysystemTest.GuestOperation_InvalidChoice (26 ms)
[----------] 1 test from LibrarysystemTest (26 ms total)

[----------] Global test environment tear-down
[==========] 1 test from 1 test suite ran. (26 ms total)
[  PASSED  ] 1 test.
</pre>
                        </div>
                        
                        
                    </div>
                
                </div>
            </div>
            
            <div class="testclass">
                <h4>LibrarysystemTest.GuestOperation_Infail</h4>
                <div class="testcases">
                
                    <div class="test outcome outcome-passed">
                        <a id="29baf126-0b30-4a8a-a345-4159c483542a"></a>
                        <table class="proplist">
                            <tr><th>Test case:</th><td><b>LibrarysystemTest.GuestOperation_Infail</b></td></tr>
                            <tr><th>Outcome:</th><td>Passed</td></tr>
                            <tr><th>Duration:</th><td>0.067 sec</td></tr>
                        
                            <tr><th>Failed</th><td>None</td></tr>
                        
                        
                        </table>

                        
                        <pre>None</pre>
                        
                        

                        
                        
                        <div class="stdout"><i>Stdout</i><br>
                            <pre>Note: Google Test filter = LibrarysystemTest.GuestOperation_Infail
[==========] Running 1 test from 1 test suite.
[----------] Global test environment set-up.
[----------] 1 test from LibrarysystemTest
[ RUN      ] LibrarysystemTest.GuestOperation_Infail
[NON-XML-CHAR-0x1B][H[NON-XML-CHAR-0x1B][2J[NON-XML-CHAR-0x1B][3J[NON-XML-CHAR-0x1B][H[NON-XML-CHAR-0x1B][2J[NON-XML-CHAR-0x1B][3J[       OK ] LibrarysystemTest.GuestOperation_Infail (26 ms)
[----------] 1 test from LibrarysystemTest (26 ms total)

[----------] Global test environment tear-down
[==========] 1 test from 1 test suite ran. (26 ms total)
[  PASSED  ] 1 test.
</pre>
                        </div>
                        
                        
                    </div>
                
                </div>
            </div>
            
            <div class="testclass">
                <h4>LibrarysystemTest.UserOperations_BookCatalogingMenu</h4>
                <div class="testcases">
                
                    <div class="test outcome outcome-passed">
                        <a id="ac174aea-73f5-4bcb-996f-b347407c52d8"></a>
                        <table class="proplist">
                            <tr><th>Test case:</th><td><b>LibrarysystemTest.UserOperations_BookCatalogingMenu</b></td></tr>
                            <tr><th>Outcome:</th><td>Passed</td></tr>
                            <tr><th>Duration:</th><td>0.086 sec</td></tr>
                        
                            <tr><th>Failed</th><td>None</td></tr>
                        
                        
                        </table>

                        
                        <pre>None</pre>
                        
                        

                        
                        
                        <div class="stdout"><i>Stdout</i><br>
                            <pre>Note: Google Test filter = LibrarysystemTest.UserOperations_BookCatalogingMenu
[==========] Running 1 test from 1 test suite.
[----------] Global test environment set-up.
[----------] 1 test from LibrarysystemTest
[ RUN      ] LibrarysystemTest.UserOperations_BookCatalogingMenu
[NON-XML-CHAR-0x1B][H[NON-XML-CHAR-0x1B][2J[NON-XML-CHAR-0x1B][3J[NON-XML-CHAR-0x1B][H[NON-XML-CHAR-0x1B][2J[NON-XML-CHAR-0x1B][3J[NON-XML-CHAR-0x1B][H[NON-XML-CHAR-0x1B][2J[NON-XML-CHAR-0x1B][3J[NON-XML-CHAR-0x1B][H[NON-XML-CHAR-0x1B][2J[NON-XML-CHAR-0x1B][3J[NON-XML-CHAR-0x1B][H[NON-XML-CHAR-0x1B][2J[NON-XML-CHAR-0x1B][3J[       OK ] LibrarysystemTest.UserOperations_BookCatalogingMenu (64 ms)
[----------] 1 test from LibrarysystemTest (64 ms total)

[----------] Global test environment tear-down
[==========] 1 test from 1 test suite ran. (64 ms total)
[  PASSED  ] 1 test.
</pre>
                        </div>
                        
                        
                    </div>
                
                </div>
            </div>
            
            <div class="testclass">
                <h4>LibrarysystemTest.UserOperations_LoanManagementMenu</h4>
                <div class="testcases">
                
                    <div class="test outcome outcome-passed">
                        <a id="21f6e924-6a9e-40b2-868d-242e30de4ab0"></a>
                        <table class="proplist">
                            <tr><th>Test case:</th><td><b>LibrarysystemTest.UserOperations_LoanManagementMenu</b></td></tr>
                            <tr><th>Outcome:</th><td>Passed</td></tr>
                            <tr><th>Duration:</th><td>0.092 sec</td></tr>
                        
                            <tr><th>Failed</th><td>None</td></tr>
                        
                        
                        </table>

                        
                        <pre>None</pre>
                        
                        

                        
                        
                        <div class="stdout"><i>Stdout</i><br>
                            <pre>Note: Google Test filter = LibrarysystemTest.UserOperations_LoanManagementMenu
[==========] Running 1 test from 1 test suite.
[----------] Global test environment set-up.
[----------] 1 test from LibrarysystemTest
[ RUN      ] LibrarysystemTest.UserOperations_LoanManagementMenu
[NON-XML-CHAR-0x1B][H[NON-XML-CHAR-0x1B][2J[NON-XML-CHAR-0x1B][3J[NON-XML-CHAR-0x1B][H[NON-XML-CHAR-0x1B][2J[NON-XML-CHAR-0x1B][3J[NON-XML-CHAR-0x1B][H[NON-XML-CHAR-0x1B][2J[NON-XML-CHAR-0x1B][3J[NON-XML-CHAR-0x1B][H[NON-XML-CHAR-0x1B][2J[NON-XML-CHAR-0x1B][3J[NON-XML-CHAR-0x1B][H[NON-XML-CHAR-0x1B][2J[NON-XML-CHAR-0x1B][3J[       OK ] LibrarysystemTest.UserOperations_LoanManagementMenu (64 ms)
[----------] 1 test from LibrarysystemTest (64 ms total)

[----------] Global test environment tear-down
[==========] 1 test from 1 test suite ran. (65 ms total)
[  PASSED  ] 1 test.
</pre>
                        </div>
                        
                        
                    </div>
                
                </div>
            </div>
            
            <div class="testclass">
                <h4>LibrarysystemTest.UserOperations_WishListMenu</h4>
                <div class="testcases">
                
                    <div class="test outcome outcome-passed">
                        <a id="7f40a65b-d8e2-48c8-8261-c329b586d37d"></a>
                        <table class="proplist">
                            <tr><th>Test case:</th><td><b>LibrarysystemTest.UserOperations_WishListMenu</b></td></tr>
                            <tr><th>Outcome:</th><td>Passed</td></tr>
                            <tr><th>Duration:</th><td>0.089 sec</td></tr>
                        
                            <tr><th>Failed</th><td>None</td></tr>
                        
                        
                        </table>

                        
                        <pre>None</pre>
                        
                        

                        
                        
                        <div class="stdout"><i>Stdout</i><br>
                            <pre>Note: Google Test filter = LibrarysystemTest.UserOperations_WishListMenu
[==========] Running 1 test from 1 test suite.
[----------] Global test environment set-up.
[----------] 1 test from LibrarysystemTest
[ RUN      ] LibrarysystemTest.UserOperations_WishListMenu
[NON-XML-CHAR-0x1B][H[NON-XML-CHAR-0x1B][2J[NON-XML-CHAR-0x1B][3J[NON-XML-CHAR-0x1B][H[NON-XML-CHAR-0x1B][2J[NON-XML-CHAR-0x1B][3J[NON-XML-CHAR-0x1B][H[NON-XML-CHAR-0x1B][2J[NON-XML-CHAR-0x1B][3J[NON-XML-CHAR-0x1B][H[NON-XML-CHAR-0x1B][2J[NON-XML-CHAR-0x1B][3J[NON-XML-CHAR-0x1B][H[NON-XML-CHAR-0x1B][2J[NON-XML-CHAR-0x1B][3J[       OK ] LibrarysystemTest.UserOperations_WishListMenu (60 ms)
[----------] 1 test from LibrarysystemTest (60 ms total)

[----------] Global test environment tear-down
[==========] 1 test from 1 test suite ran. (60 ms total)
[  PASSED  ] 1 test.
</pre>
                        </div>
                        
                        
                    </div>
                
                </div>
            </div>
            
            <div class="testclass">
                <h4>LibrarysystemTest.UserOperations_ReadingTrackerMenu</h4>
                <div class="testcases">
                
                    <div class="test outcome outcome-passed">
                        <a id="8e05a257-aef4-4f31-8035-1a82fa6ebf35"></a>
                        <table class="proplist">
                            <tr><th>Test case:</th><td><b>LibrarysystemTest.UserOperations_ReadingTrackerMenu</b></td></tr>
                            <tr><th>Outcome:</th><td>Passed</td></tr>
                            <tr><th>Duration:</th><td>0.093 sec</td></tr>
                        
                            <tr><th>Failed</th><td>None</td></tr>
                        
                        
                        </table>

                        
                        <pre>None</pre>
                        
                        

                        
                        
                        <div class="stdout"><i>Stdout</i><br>
                            <pre>Note: Google Test filter = LibrarysystemTest.UserOperations_ReadingTrackerMenu
[==========] Running 1 test from 1 test suite.
[----------] Global test environment set-up.
[----------] 1 test from LibrarysystemTest
[ RUN      ] LibrarysystemTest.UserOperations_ReadingTrackerMenu
[NON-XML-CHAR-0x1B][H[NON-XML-CHAR-0x1B][2J[NON-XML-CHAR-0x1B][3J[NON-XML-CHAR-0x1B][H[NON-XML-CHAR-0x1B][2J[NON-XML-CHAR-0x1B][3J[NON-XML-CHAR-0x1B][H[NON-XML-CHAR-0x1B][2J[NON-XML-CHAR-0x1B][3J[NON-XML-CHAR-0x1B][H[NON-XML-CHAR-0x1B][2J[NON-XML-CHAR-0x1B][3J[NON-XML-CHAR-0x1B][H[NON-XML-CHAR-0x1B][2J[NON-XML-CHAR-0x1B][3J[       OK ] LibrarysystemTest.UserOperations_ReadingTrackerMenu (61 ms)
[----------] 1 test from LibrarysystemTest (61 ms total)

[----------] Global test environment tear-down
[==========] 1 test from 1 test suite ran. (62 ms total)
[  PASSED  ] 1 test.
</pre>
                        </div>
                        
                        
                    </div>
                
                </div>
            </div>
            
            <div class="testclass">
                <h4>LibrarysystemTest.UserOperations_Infail</h4>
                <div class="testcases">
                
                    <div class="test outcome outcome-passed">
                        <a id="99a99a3e-6773-428c-8f52-3d83c6d912c9"></a>
                        <table class="proplist">
                            <tr><th>Test case:</th><td><b>LibrarysystemTest.UserOperations_Infail</b></td></tr>
                            <tr><th>Outcome:</th><td>Passed</td></tr>
                            <tr><th>Duration:</th><td>0.081 sec</td></tr>
                        
                            <tr><th>Failed</th><td>None</td></tr>
                        
                        
                        </table>

                        
                        <pre>None</pre>
                        
                        

                        
                        
                        <div class="stdout"><i>Stdout</i><br>
                            <pre>Note: Google Test filter = LibrarysystemTest.UserOperations_Infail
[==========] Running 1 test from 1 test suite.
[----------] Global test environment set-up.
[----------] 1 test from LibrarysystemTest
[ RUN      ] LibrarysystemTest.UserOperations_Infail
[NON-XML-CHAR-0x1B][H[NON-XML-CHAR-0x1B][2J[NON-XML-CHAR-0x1B][3J[NON-XML-CHAR-0x1B][H[NON-XML-CHAR-0x1B][2J[NON-XML-CHAR-0x1B][3J[NON-XML-CHAR-0x1B][H[NON-XML-CHAR-0x1B][2J[NON-XML-CHAR-0x1B][3J[NON-XML-CHAR-0x1B][H[NON-XML-CHAR-0x1B][2J[NON-XML-CHAR-0x1B][3J[       OK ] LibrarysystemTest.UserOperations_Infail (49 ms)
[----------] 1 test from LibrarysystemTest (49 ms total)

[----------] Global test environment tear-down
[==========] 1 test from 1 test suite ran. (49 ms total)
[  PASSED  ] 1 test.
libgcov profiling error:/mnt/c/Users/Yakup/Documents/GitHub/ForFinal/ce103-final-yakup-eroglu-hasan-basri-taskin-cpp/build_linux/src/tests/librarysystem/CMakeFiles/librarysystem_tests.dir/librarysystem_test.cpp.gcda:Merge mismatch for function 516
</pre>
                        </div>
                        
                        
                    </div>
                
                </div>
            </div>
            
            <div class="testclass">
                <h4>LibrarysystemTest.UserOperations_ReturnToMainMenu</h4>
                <div class="testcases">
                
                    <div class="test outcome outcome-passed">
                        <a id="53478c9f-dfc1-4bc7-bdac-2cbc250dadff"></a>
                        <table class="proplist">
                            <tr><th>Test case:</th><td><b>LibrarysystemTest.UserOperations_ReturnToMainMenu</b></td></tr>
                            <tr><th>Outcome:</th><td>Passed</td></tr>
                            <tr><th>Duration:</th><td>0.071 sec</td></tr>
                        
                            <tr><th>Failed</th><td>None</td></tr>
                        
                        
                        </table>

                        
                        <pre>None</pre>
                        
                        

                        
                        
                        <div class="stdout"><i>Stdout</i><br>
                            <pre>Note: Google Test filter = LibrarysystemTest.UserOperations_ReturnToMainMenu
[==========] Running 1 test from 1 test suite.
[----------] Global test environment set-up.
[----------] 1 test from LibrarysystemTest
[ RUN      ] LibrarysystemTest.UserOperations_ReturnToMainMenu
[NON-XML-CHAR-0x1B][H[NON-XML-CHAR-0x1B][2J[NON-XML-CHAR-0x1B][3J[NON-XML-CHAR-0x1B][H[NON-XML-CHAR-0x1B][2J[NON-XML-CHAR-0x1B][3J[       OK ] LibrarysystemTest.UserOperations_ReturnToMainMenu (25 ms)
[----------] 1 test from LibrarysystemTest (25 ms total)

[----------] Global test environment tear-down
[==========] 1 test from 1 test suite ran. (25 ms total)
[  PASSED  ] 1 test.
</pre>
                        </div>
                        
                        
                    </div>
                
                </div>
            </div>
            
            <div class="testclass">
                <h4>LibrarysystemTest.ViewLoansForFunc_Successful</h4>
                <div class="testcases">
                
                    <div class="test outcome outcome-failed">
                        <a id="df9ca350-103c-45d5-a0e4-06ca7cc1f820"></a>
                        <table class="proplist">
                            <tr><th>Test case:</th><td><b>LibrarysystemTest.ViewLoansForFunc_Successful</b></td></tr>
                            <tr><th>Outcome:</th><td>Failed</td></tr>
                            <tr><th>Duration:</th><td>0.058 sec</td></tr>
                        
                            <tr><th>Failed</th><td></td></tr>
                        
                        
                        </table>

                        
                        <pre>failed</pre>
                        
                        

                        
                        
                        <div class="stdout"><i>Stdout</i><br>
                            <pre>Note: Google Test filter = LibrarysystemTest.ViewLoansForFunc_Successful
[==========] Running 1 test from 1 test suite.
[----------] Global test environment set-up.
[----------] 1 test from LibrarysystemTest
[ RUN      ] LibrarysystemTest.ViewLoansForFunc_Successful
/mnt/c/Users/Yakup/Documents/GitHub/ForFinal/ce103-final-yakup-eroglu-hasan-basri-taskin-cpp/src/tests/librarysystem/librarysystem_test.cpp:480: Failure
Expected equality of these values:
  expectedOutput
    Which is: &#34;&#34;
  out.str()
    Which is: &#34;1.asd\n&#34;

[  FAILED  ] LibrarysystemTest.ViewLoansForFunc_Successful (0 ms)
[----------] 1 test from LibrarysystemTest (0 ms total)

[----------] Global test environment tear-down
[==========] 1 test from 1 test suite ran. (0 ms total)
[  PASSED  ] 0 tests.
[  FAILED  ] 1 test, listed below:
[  FAILED  ] LibrarysystemTest.ViewLoansForFunc_Successful

 1 FAILED TEST
</pre>
                        </div>
                        
                        
                    </div>
                
                </div>
            </div>
            
            <div class="testclass">
                <h4>LibrarysystemTest.RemoveFromWishList_NotSuccessful</h4>
                <div class="testcases">
                
                    <div class="test outcome outcome-failed">
                        <a id="05f1065c-cdf4-436d-9d8a-76994fa69c5c"></a>
                        <table class="proplist">
                            <tr><th>Test case:</th><td><b>LibrarysystemTest.RemoveFromWishList_NotSuccessful</b></td></tr>
                            <tr><th>Outcome:</th><td>Failed</td></tr>
                            <tr><th>Duration:</th><td>0.051 sec</td></tr>
                        
                            <tr><th>Failed</th><td></td></tr>
                        
                        
                        </table>

                        
                        <pre>failed</pre>
                        
                        

                        
                        
                        <div class="stdout"><i>Stdout</i><br>
                            <pre>Note: Google Test filter = LibrarysystemTest.RemoveFromWishList_NotSuccessful
[==========] Running 1 test from 1 test suite.
[----------] Global test environment set-up.
[----------] 1 test from LibrarysystemTest
[ RUN      ] LibrarysystemTest.RemoveFromWishList_NotSuccessful
[NON-XML-CHAR-0x1B][H[NON-XML-CHAR-0x1B][2J[NON-XML-CHAR-0x1B][3J/mnt/c/Users/Yakup/Documents/GitHub/ForFinal/ce103-final-yakup-eroglu-hasan-basri-taskin-cpp/src/tests/librarysystem/librarysystem_test.cpp:487: Failure
Expected equality of these values:
  expectedOutput
    Which is: &#34;Wishlist:\nEnter the ID of the book to remove from the wishlist: Book not found.\n&#34;
  out.str()
    Which is: &#34;&#34;
With diff:
@@ -1,2 +1,1 @@
-Wishlist:
-Enter the ID of the book to remove from the wishlist: Book not found.\n
+&#34;&#34;


[  FAILED  ] LibrarysystemTest.RemoveFromWishList_NotSuccessful (12 ms)
[----------] 1 test from LibrarysystemTest (12 ms total)

[----------] Global test environment tear-down
[==========] 1 test from 1 test suite ran. (12 ms total)
[  PASSED  ] 0 tests.
[  FAILED  ] 1 test, listed below:
[  FAILED  ] LibrarysystemTest.RemoveFromWishList_NotSuccessful

 1 FAILED TEST
</pre>
                        </div>
                        
                        
                    </div>
                
                </div>
            </div>
            
            <div class="testclass">
                <h4>LibrarysystemTest.RemoveFromWishList_BookNotFound</h4>
                <div class="testcases">
                
                    <div class="test outcome outcome-failed">
                        <a id="1fa00937-7018-4e47-b33e-6f209a0c8f3b"></a>
                        <table class="proplist">
                            <tr><th>Test case:</th><td><b>LibrarysystemTest.RemoveFromWishList_BookNotFound</b></td></tr>
                            <tr><th>Outcome:</th><td>Failed</td></tr>
                            <tr><th>Duration:</th><td>0.046 sec</td></tr>
                        
                            <tr><th>Failed</th><td></td></tr>
                        
                        
                        </table>

                        
                        <pre>failed</pre>
                        
                        

                        
                        
                        <div class="stdout"><i>Stdout</i><br>
                            <pre>Note: Google Test filter = LibrarysystemTest.RemoveFromWishList_BookNotFound
[==========] Running 1 test from 1 test suite.
[----------] Global test environment set-up.
[----------] 1 test from LibrarysystemTest
[ RUN      ] LibrarysystemTest.RemoveFromWishList_BookNotFound
[NON-XML-CHAR-0x1B][H[NON-XML-CHAR-0x1B][2J[NON-XML-CHAR-0x1B][3J/mnt/c/Users/Yakup/Documents/GitHub/ForFinal/ce103-final-yakup-eroglu-hasan-basri-taskin-cpp/src/tests/librarysystem/librarysystem_test.cpp:494: Failure
Expected equality of these values:
  expectedOutput
    Which is: &#34;Wishlist:\nEnter the ID of the book to remove from the wishlist: Book not found.\n&#34;
  out.str()
    Which is: &#34;&#34;
With diff:
@@ -1,2 +1,1 @@
-Wishlist:
-Enter the ID of the book to remove from the wishlist: Book not found.\n
+&#34;&#34;


[  FAILED  ] LibrarysystemTest.RemoveFromWishList_BookNotFound (12 ms)
[----------] 1 test from LibrarysystemTest (12 ms total)

[----------] Global test environment tear-down
[==========] 1 test from 1 test suite ran. (13 ms total)
[  PASSED  ] 0 tests.
[  FAILED  ] 1 test, listed below:
[  FAILED  ] LibrarysystemTest.RemoveFromWishList_BookNotFound

 1 FAILED TEST
</pre>
                        </div>
                        
                        
                    </div>
                
                </div>
            </div>
            
            <div class="testclass">
                <h4>LibrarysystemTest.RemoveFromWishList_FileError</h4>
                <div class="testcases">
                
                    <div class="test outcome outcome-passed">
                        <a id="d89d746f-dbe7-4958-97a7-8adee22eb9a8"></a>
                        <table class="proplist">
                            <tr><th>Test case:</th><td><b>LibrarysystemTest.RemoveFromWishList_FileError</b></td></tr>
                            <tr><th>Outcome:</th><td>Passed</td></tr>
                            <tr><th>Duration:</th><td>0.051 sec</td></tr>
                        
                            <tr><th>Failed</th><td>None</td></tr>
                        
                        
                        </table>

                        
                        <pre>None</pre>
                        
                        

                        
                        
                        <div class="stdout"><i>Stdout</i><br>
                            <pre>Note: Google Test filter = LibrarysystemTest.RemoveFromWishList_FileError
[==========] Running 1 test from 1 test suite.
[----------] Global test environment set-up.
[----------] 1 test from LibrarysystemTest
[ RUN      ] LibrarysystemTest.RemoveFromWishList_FileError
[NON-XML-CHAR-0x1B][H[NON-XML-CHAR-0x1B][2J[NON-XML-CHAR-0x1B][3J[       OK ] LibrarysystemTest.RemoveFromWishList_FileError (17 ms)
[----------] 1 test from LibrarysystemTest (17 ms total)

[----------] Global test environment tear-down
[==========] 1 test from 1 test suite ran. (17 ms total)
[  PASSED  ] 1 test.
</pre>
                        </div>
                        
                        
                    </div>
                
                </div>
            </div>
            
            <div class="testclass">
                <h4>LibrarysystemTest.AddToWishList_NotSuccessful</h4>
                <div class="testcases">
                
                    <div class="test outcome outcome-passed">
                        <a id="38e30079-d01a-44fb-9e56-165a4af893a2"></a>
                        <table class="proplist">
                            <tr><th>Test case:</th><td><b>LibrarysystemTest.AddToWishList_NotSuccessful</b></td></tr>
                            <tr><th>Outcome:</th><td>Passed</td></tr>
                            <tr><th>Duration:</th><td>0.042 sec</td></tr>
                        
                            <tr><th>Failed</th><td>None</td></tr>
                        
                        
                        </table>

                        
                        <pre>None</pre>
                        
                        

                        
                        
                        <div class="stdout"><i>Stdout</i><br>
                            <pre>Note: Google Test filter = LibrarysystemTest.AddToWishList_NotSuccessful
[==========] Running 1 test from 1 test suite.
[----------] Global test environment set-up.
[----------] 1 test from LibrarysystemTest
[ RUN      ] LibrarysystemTest.AddToWishList_NotSuccessful
[NON-XML-CHAR-0x1B][H[NON-XML-CHAR-0x1B][2J[NON-XML-CHAR-0x1B][3J[       OK ] LibrarysystemTest.AddToWishList_NotSuccessful (16 ms)
[----------] 1 test from LibrarysystemTest (16 ms total)

[----------] Global test environment tear-down
[==========] 1 test from 1 test suite ran. (16 ms total)
[  PASSED  ] 1 test.
</pre>
                        </div>
                        
                        
                    </div>
                
                </div>
            </div>
            
            <div class="testclass">
                <h4>LibrarysystemTest.AddToWishList_BookNotFound</h4>
                <div class="testcases">
                
                    <div class="test outcome outcome-failed">
                        <a id="e012e7fc-262f-43c2-971c-c80eaa3211d2"></a>
                        <table class="proplist">
                            <tr><th>Test case:</th><td><b>LibrarysystemTest.AddToWishList_BookNotFound</b></td></tr>
                            <tr><th>Outcome:</th><td>Failed</td></tr>
                            <tr><th>Duration:</th><td>0.045 sec</td></tr>
                        
                            <tr><th>Failed</th><td></td></tr>
                        
                        
                        </table>

                        
                        <pre>failed</pre>
                        
                        

                        
                        
                        <div class="stdout"><i>Stdout</i><br>
                            <pre>Note: Google Test filter = LibrarysystemTest.AddToWishList_BookNotFound
[==========] Running 1 test from 1 test suite.
[----------] Global test environment set-up.
[----------] 1 test from LibrarysystemTest
[ RUN      ] LibrarysystemTest.AddToWishList_BookNotFound
[NON-XML-CHAR-0x1B][H[NON-XML-CHAR-0x1B][2J[NON-XML-CHAR-0x1B][3J/mnt/c/Users/Yakup/Documents/GitHub/ForFinal/ce103-final-yakup-eroglu-hasan-basri-taskin-cpp/src/tests/librarysystem/librarysystem_test.cpp:510: Failure
Value of: addToWishList(in, out)
  Actual: true
Expected: false

/mnt/c/Users/Yakup/Documents/GitHub/ForFinal/ce103-final-yakup-eroglu-hasan-basri-taskin-cpp/src/tests/librarysystem/librarysystem_test.cpp:512: Failure
Expected equality of these values:
  expectedOutput
    Which is: &#34;Enter the ID of the book to add to the wishlist: Book not found.\n&#34;
  out.str()
    Which is: &#34;1.2\nEnter the ID of the book to add to the wishlist: Book added to the wishlist.\n&#34;
With diff:
@@ -1,1 +1,2 @@
-Enter the ID of the book to add to the wishlist: Book not found.\n
+1.2
+Enter the ID of the book to add to the wishlist: Book added to the wishlist.\n


[  FAILED  ] LibrarysystemTest.AddToWishList_BookNotFound (14 ms)
[----------] 1 test from LibrarysystemTest (14 ms total)

[----------] Global test environment tear-down
[==========] 1 test from 1 test suite ran. (14 ms total)
[  PASSED  ] 0 tests.
[  FAILED  ] 1 test, listed below:
[  FAILED  ] LibrarysystemTest.AddToWishList_BookNotFound

 1 FAILED TEST
</pre>
                        </div>
                        
                        
                    </div>
                
                </div>
            </div>
            
            <div class="testclass">
                <h4>LibrarysystemTest.AddToWishList_FileError</h4>
                <div class="testcases">
                
                    <div class="test outcome outcome-passed">
                        <a id="a259982a-c673-4d44-a478-011c0ccbaecd"></a>
                        <table class="proplist">
                            <tr><th>Test case:</th><td><b>LibrarysystemTest.AddToWishList_FileError</b></td></tr>
                            <tr><th>Outcome:</th><td>Passed</td></tr>
                            <tr><th>Duration:</th><td>0.039 sec</td></tr>
                        
                            <tr><th>Failed</th><td>None</td></tr>
                        
                        
                        </table>

                        
                        <pre>None</pre>
                        
                        

                        
                        
                        <div class="stdout"><i>Stdout</i><br>
                            <pre>Note: Google Test filter = LibrarysystemTest.AddToWishList_FileError
[==========] Running 1 test from 1 test suite.
[----------] Global test environment set-up.
[----------] 1 test from LibrarysystemTest
[ RUN      ] LibrarysystemTest.AddToWishList_FileError
[NON-XML-CHAR-0x1B][H[NON-XML-CHAR-0x1B][2J[NON-XML-CHAR-0x1B][3J[       OK ] LibrarysystemTest.AddToWishList_FileError (12 ms)
[----------] 1 test from LibrarysystemTest (12 ms total)

[----------] Global test environment tear-down
[==========] 1 test from 1 test suite ran. (12 ms total)
[  PASSED  ] 1 test.
</pre>
                        </div>
                        
                        
                    </div>
                
                </div>
            </div>
            
        </div>
    </div>
    



<p class="footer">
    Generated by junit2html
</p>
</body>
</html>