SF:/mnt/c/Users/Yakup/Documents/GitHub/For Final/ce103-final-yakup-eroglu-hasan-basri-taskin-cpp/src/tests/librarysystem/librarysystem_test.cpp
DA:6,0
DA:9,0
DA:4,0
DA:15,0
DA:1,0
end_of_record
SF:/mnt/c/Users/Yakup/Documents/GitHub/For Final/ce103-final-yakup-eroglu-hasan-basri-taskin-cpp/[generated]
DA:1,0
end_of_record
SF:/mnt/c/Users/Yakup/Documents/GitHub/For Final/ce103-final-yakup-eroglu-hasan-basri-taskin-cpp/README.md
DA:1,0
end_of_record
SF:/mnt/c/Users/Yakup/Documents/GitHub/For Final/ce103-final-yakup-eroglu-hasan-basri-taskin-cpp/src/tests/utility/utility_test.cpp
DA:1,0
end_of_record
