SF:C:\Users\Yakup\Documents\GitHub\ForFinal\ce103-final-yakup-eroglu-hasan-basri-taskin-cpp\src\librarysystem\header\librarysystem.h
DA:24,1
DA:25,1
DA:26,1
DA:23,1
DA:33,1
DA:34,1
DA:32,1
DA:18,0
DA:13,1
DA:43,1
DA:52,1
DA:59,1
DA:68,1
DA:77,1
DA:86,1
DA:95,1
DA:104,1
DA:113,1
DA:122,1
DA:131,1
DA:140,1
DA:149,1
DA:157,1
DA:165,1
DA:173,1
DA:181,1
DA:189,1
DA:197,1
DA:205,1
DA:214,1
DA:223,1
DA:232,1
DA:241,1
DA:249,1
DA:258,1
DA:267,1
DA:276,1
DA:284,1
DA:293,1
DA:301,1
DA:310,1
DA:319,1
DA:327,1
DA:336,1
DA:345,1
DA:354,1
DA:1,1
end_of_record
SF:C:\Users\Yakup\Documents\GitHub\ForFinal\ce103-final-yakup-eroglu-hasan-basri-taskin-cpp\README.md
DA:1,0
end_of_record
SF:C:\Users\Yakup\Documents\GitHub\ForFinal\ce103-final-yakup-eroglu-hasan-basri-taskin-cpp\src\librarysystem\src\librarysystem.cpp
DA:8,0
DA:26,1
DA:48,1
DA:71,1
DA:91,1
DA:114,1
DA:150,1
DA:195,1
DA:251,1
DA:302,1
DA:355,1
DA:406,1
DA:431,1
DA:458,1
DA:486,1
DA:514,1
DA:541,1
DA:568,1
DA:592,1
DA:622,1
DA:661,1
DA:725,1
DA:774,1
DA:810,1
DA:841,1
DA:877,1
DA:910,1
DA:959,1
DA:1014,1
DA:1067,1
DA:1123,1
DA:1159,1
DA:1190,1
DA:1246,1
DA:1299,1
DA:1339,1
DA:1383,1
DA:1440,1
DA:1488,1
DA:1,1
end_of_record
SF:C:\Users\Yakup\Documents\GitHub\ForFinal\ce103-final-yakup-eroglu-hasan-basri-taskin-cpp\src\librarysystemapp\header\librarysystemapp.h
DA:1,1
end_of_record
SF:C:\Users\Yakup\Documents\GitHub\ForFinal\ce103-final-yakup-eroglu-hasan-basri-taskin-cpp\src\librarysystemapp\src\librarysystemapp.cpp
DA:28,1
DA:1,0
end_of_record
SF:C:\Users\Yakup\Documents\GitHub\ForFinal\ce103-final-yakup-eroglu-hasan-basri-taskin-cpp\src\utility\header\commonTypes.h
DA:1,1
end_of_record
SF:C:\Users\Yakup\Documents\GitHub\ForFinal\ce103-final-yakup-eroglu-hasan-basri-taskin-cpp\src\utility\header\mathUtility.h
DA:1,0
end_of_record
SF:C:\Users\Yakup\Documents\GitHub\ForFinal\ce103-final-yakup-eroglu-hasan-basri-taskin-cpp\src\utility\src\mathUtility.cpp
DA:1,0
end_of_record
