SF:C:\Users\Yakup\Documents\GitHub\ForFinal\ce103-final-yakup-eroglu-hasan-basri-taskin-cpp\src\librarysystem\header\librarysystem.h
DA:29,1
DA:30,1
DA:31,1
DA:28,1
DA:38,1
DA:39,1
DA:37,1
DA:18,1
DA:13,1
DA:48,1
DA:57,1
DA:64,1
DA:73,1
DA:82,1
DA:91,1
DA:100,1
DA:109,1
DA:118,1
DA:127,1
DA:136,1
DA:145,1
DA:154,1
DA:162,1
DA:170,1
DA:178,1
DA:186,1
DA:194,1
DA:202,1
DA:210,1
DA:219,1
DA:228,1
DA:237,1
DA:246,1
DA:254,1
DA:263,1
DA:272,1
DA:281,1
DA:289,1
DA:298,1
DA:306,1
DA:315,1
DA:324,1
DA:332,1
DA:341,1
DA:350,1
DA:359,1
DA:1,1
end_of_record
SF:C:\Users\Yakup\Documents\GitHub\ForFinal\ce103-final-yakup-eroglu-hasan-basri-taskin-cpp\README.md
DA:1,0
end_of_record
SF:C:\Users\Yakup\Documents\GitHub\ForFinal\ce103-final-yakup-eroglu-hasan-basri-taskin-cpp\src\librarysystem\src\librarysystem.cpp
DA:8,0
DA:26,1
DA:48,1
DA:71,1
DA:91,1
DA:114,1
DA:149,1
DA:194,1
DA:250,1
DA:301,1
DA:354,1
DA:405,1
DA:430,1
DA:457,1
DA:485,1
DA:513,1
DA:540,1
DA:567,1
DA:591,1
DA:622,1
DA:660,1
DA:724,1
DA:774,1
DA:809,1
DA:840,1
DA:876,1
DA:909,1
DA:958,1
DA:1011,1
DA:1063,1
DA:1120,1
DA:1156,1
DA:1187,1
DA:1241,1
DA:1294,1
DA:1334,1
DA:1378,1
DA:1435,1
DA:1483,1
DA:1,1
end_of_record
SF:C:\Users\Yakup\Documents\GitHub\ForFinal\ce103-final-yakup-eroglu-hasan-basri-taskin-cpp\src\librarysystemapp\header\librarysystemapp.h
DA:1,1
end_of_record
SF:C:\Users\Yakup\Documents\GitHub\ForFinal\ce103-final-yakup-eroglu-hasan-basri-taskin-cpp\src\librarysystemapp\src\librarysystemapp.cpp
DA:28,1
DA:1,0
end_of_record
SF:C:\Users\Yakup\Documents\GitHub\ForFinal\ce103-final-yakup-eroglu-hasan-basri-taskin-cpp\src\utility\header\commonTypes.h
DA:1,1
end_of_record
SF:C:\Users\Yakup\Documents\GitHub\ForFinal\ce103-final-yakup-eroglu-hasan-basri-taskin-cpp\src\utility\header\mathUtility.h
DA:1,0
end_of_record
SF:C:\Users\Yakup\Documents\GitHub\ForFinal\ce103-final-yakup-eroglu-hasan-basri-taskin-cpp\src\utility\src\mathUtility.cpp
DA:1,0
end_of_record
